2025-06-05 20:54:02,538 INFO CUDA_VISIBLE_DEVICES reports 8 device(s).
2025-06-05 20:54:02,549 INFO CUDA_VISIBLE_DEVICES reports 8 device(s).
2025-06-05 20:54:02,559 INFO CUDA_VISIBLE_DEVICES reports 8 device(s).
2025-06-05 20:54:02,559 INFO CUDA_VISIBLE_DEVICES reports 8 device(s).
2025-06-05 20:54:02,559 INFO CUDA_VISIBLE_DEVICES reports 8 device(s).
2025-06-05 20:54:02,559 INFO CUDA_VISIBLE_DEVICES reports 8 device(s).
2025-06-05 20:54:02,581 INFO CUDA_VISIBLE_DEVICES reports 8 device(s).
2025-06-05 20:54:02,583 INFO CUDA_VISIBLE_DEVICES reports 8 device(s).
2025-06-05 20:54:05,316 INFO   – GPU 0: NVIDIA A100-SXM4-40GB  (SM 8.0, 39.4 GB VRAM, 108 SMs)
2025-06-05 20:54:05,317 INFO   – GPU 1: NVIDIA A100-SXM4-40GB  (SM 8.0, 39.4 GB VRAM, 108 SMs)
2025-06-05 20:54:05,317 INFO   – GPU 2: NVIDIA A100-SXM4-40GB  (SM 8.0, 39.4 GB VRAM, 108 SMs)
2025-06-05 20:54:05,317 INFO   – GPU 3: NVIDIA A100-SXM4-40GB  (SM 8.0, 39.4 GB VRAM, 108 SMs)
2025-06-05 20:54:05,317 INFO   – GPU 4: NVIDIA A100-SXM4-40GB  (SM 8.0, 39.4 GB VRAM, 108 SMs)
2025-06-05 20:54:05,317 INFO   – GPU 5: NVIDIA A100-SXM4-40GB  (SM 8.0, 39.4 GB VRAM, 108 SMs)
2025-06-05 20:54:05,317 INFO   – GPU 6: NVIDIA A100-SXM4-40GB  (SM 8.0, 39.4 GB VRAM, 108 SMs)
2025-06-05 20:54:05,317 INFO   – GPU 7: NVIDIA A100-SXM4-40GB  (SM 8.0, 39.4 GB VRAM, 108 SMs)
2025-06-05 20:54:05,317 INFO PyTorch version: 2.0.0+cu117
2025-06-05 20:54:05,317 INFO CUDA build version: 11.7
2025-06-05 20:54:05,318 INFO cuDNN version: 8500
2025-06-05 20:54:05,799 INFO   – GPU 0: NVIDIA A100-SXM4-40GB  (SM 8.0, 39.4 GB VRAM, 108 SMs)
2025-06-05 20:54:05,799 INFO   – GPU 1: NVIDIA A100-SXM4-40GB  (SM 8.0, 39.4 GB VRAM, 108 SMs)
2025-06-05 20:54:05,799 INFO   – GPU 2: NVIDIA A100-SXM4-40GB  (SM 8.0, 39.4 GB VRAM, 108 SMs)
2025-06-05 20:54:05,799 INFO   – GPU 3: NVIDIA A100-SXM4-40GB  (SM 8.0, 39.4 GB VRAM, 108 SMs)
2025-06-05 20:54:05,799 INFO   – GPU 4: NVIDIA A100-SXM4-40GB  (SM 8.0, 39.4 GB VRAM, 108 SMs)
2025-06-05 20:54:05,799 INFO   – GPU 5: NVIDIA A100-SXM4-40GB  (SM 8.0, 39.4 GB VRAM, 108 SMs)
2025-06-05 20:54:05,799 INFO   – GPU 6: NVIDIA A100-SXM4-40GB  (SM 8.0, 39.4 GB VRAM, 108 SMs)
2025-06-05 20:54:05,799 INFO   – GPU 7: NVIDIA A100-SXM4-40GB  (SM 8.0, 39.4 GB VRAM, 108 SMs)
2025-06-05 20:54:05,800 INFO PyTorch version: 2.0.0+cu117
2025-06-05 20:54:05,800 INFO CUDA build version: 11.7
2025-06-05 20:54:05,801 INFO cuDNN version: 8500
2025-06-05 20:54:05,801 INFO `nvidia-smi --query-gpu=` output:
0, NVIDIA A100-SXM4-40GB, 550.54.15, 40960 MiB, Disabled
1, NVIDIA A100-SXM4-40GB, 550.54.15, 40960 MiB, Disabled
2, NVIDIA A100-SXM4-40GB, 550.54.15, 40960 MiB, Disabled
3, NVIDIA A100-SXM4-40GB, 550.54.15, 40960 MiB, Disabled
4, NVIDIA A100-SXM4-40GB, 550.54.15, 40960 MiB, Disabled
5, NVIDIA A100-SXM4-40GB, 550.54.15, 40960 MiB, Disabled
6, NVIDIA A100-SXM4-40GB, 550.54.15, 40960 MiB, Disabled
7, NVIDIA A100-SXM4-40GB, 550.54.15, 40960 MiB, Disabled
2025-06-05 20:54:05,909 INFO   – GPU 0: NVIDIA A100-SXM4-40GB  (SM 8.0, 39.4 GB VRAM, 108 SMs)
2025-06-05 20:54:05,910 INFO   – GPU 1: NVIDIA A100-SXM4-40GB  (SM 8.0, 39.4 GB VRAM, 108 SMs)
2025-06-05 20:54:05,910 INFO   – GPU 2: NVIDIA A100-SXM4-40GB  (SM 8.0, 39.4 GB VRAM, 108 SMs)
2025-06-05 20:54:05,910 INFO   – GPU 3: NVIDIA A100-SXM4-40GB  (SM 8.0, 39.4 GB VRAM, 108 SMs)
2025-06-05 20:54:05,910 INFO   – GPU 4: NVIDIA A100-SXM4-40GB  (SM 8.0, 39.4 GB VRAM, 108 SMs)
2025-06-05 20:54:05,910 INFO   – GPU 5: NVIDIA A100-SXM4-40GB  (SM 8.0, 39.4 GB VRAM, 108 SMs)
2025-06-05 20:54:05,910 INFO   – GPU 6: NVIDIA A100-SXM4-40GB  (SM 8.0, 39.4 GB VRAM, 108 SMs)
2025-06-05 20:54:05,910 INFO   – GPU 7: NVIDIA A100-SXM4-40GB  (SM 8.0, 39.4 GB VRAM, 108 SMs)
2025-06-05 20:54:05,910 INFO PyTorch version: 2.0.0+cu117
2025-06-05 20:54:05,910 INFO CUDA build version: 11.7
2025-06-05 20:54:05,911 INFO cuDNN version: 8500
2025-06-05 20:54:05,936 INFO   – GPU 0: NVIDIA A100-SXM4-40GB  (SM 8.0, 39.4 GB VRAM, 108 SMs)
2025-06-05 20:54:05,936 INFO   – GPU 1: NVIDIA A100-SXM4-40GB  (SM 8.0, 39.4 GB VRAM, 108 SMs)
2025-06-05 20:54:05,937 INFO   – GPU 2: NVIDIA A100-SXM4-40GB  (SM 8.0, 39.4 GB VRAM, 108 SMs)
2025-06-05 20:54:05,937 INFO   – GPU 3: NVIDIA A100-SXM4-40GB  (SM 8.0, 39.4 GB VRAM, 108 SMs)
2025-06-05 20:54:05,937 INFO   – GPU 4: NVIDIA A100-SXM4-40GB  (SM 8.0, 39.4 GB VRAM, 108 SMs)
2025-06-05 20:54:05,937 INFO   – GPU 5: NVIDIA A100-SXM4-40GB  (SM 8.0, 39.4 GB VRAM, 108 SMs)
2025-06-05 20:54:05,937 INFO   – GPU 6: NVIDIA A100-SXM4-40GB  (SM 8.0, 39.4 GB VRAM, 108 SMs)
2025-06-05 20:54:05,937 INFO   – GPU 7: NVIDIA A100-SXM4-40GB  (SM 8.0, 39.4 GB VRAM, 108 SMs)
2025-06-05 20:54:05,937 INFO PyTorch version: 2.0.0+cu117
2025-06-05 20:54:05,937 INFO CUDA build version: 11.7
2025-06-05 20:54:05,938 INFO cuDNN version: 8500
2025-06-05 20:54:05,987 INFO   – GPU 0: NVIDIA A100-SXM4-40GB  (SM 8.0, 39.4 GB VRAM, 108 SMs)
2025-06-05 20:54:05,988 INFO   – GPU 1: NVIDIA A100-SXM4-40GB  (SM 8.0, 39.4 GB VRAM, 108 SMs)
2025-06-05 20:54:05,988 INFO   – GPU 2: NVIDIA A100-SXM4-40GB  (SM 8.0, 39.4 GB VRAM, 108 SMs)
2025-06-05 20:54:05,988 INFO   – GPU 3: NVIDIA A100-SXM4-40GB  (SM 8.0, 39.4 GB VRAM, 108 SMs)
2025-06-05 20:54:05,988 INFO   – GPU 4: NVIDIA A100-SXM4-40GB  (SM 8.0, 39.4 GB VRAM, 108 SMs)
2025-06-05 20:54:05,988 INFO   – GPU 5: NVIDIA A100-SXM4-40GB  (SM 8.0, 39.4 GB VRAM, 108 SMs)
2025-06-05 20:54:05,988 INFO   – GPU 6: NVIDIA A100-SXM4-40GB  (SM 8.0, 39.4 GB VRAM, 108 SMs)
2025-06-05 20:54:05,988 INFO   – GPU 7: NVIDIA A100-SXM4-40GB  (SM 8.0, 39.4 GB VRAM, 108 SMs)
2025-06-05 20:54:05,988 INFO PyTorch version: 2.0.0+cu117
2025-06-05 20:54:05,988 INFO CUDA build version: 11.7
2025-06-05 20:54:05,989 INFO cuDNN version: 8500
2025-06-05 20:54:05,992 INFO   – GPU 0: NVIDIA A100-SXM4-40GB  (SM 8.0, 39.4 GB VRAM, 108 SMs)
2025-06-05 20:54:05,992 INFO   – GPU 1: NVIDIA A100-SXM4-40GB  (SM 8.0, 39.4 GB VRAM, 108 SMs)
2025-06-05 20:54:05,992 INFO   – GPU 2: NVIDIA A100-SXM4-40GB  (SM 8.0, 39.4 GB VRAM, 108 SMs)
2025-06-05 20:54:05,992 INFO   – GPU 3: NVIDIA A100-SXM4-40GB  (SM 8.0, 39.4 GB VRAM, 108 SMs)
2025-06-05 20:54:05,992 INFO   – GPU 4: NVIDIA A100-SXM4-40GB  (SM 8.0, 39.4 GB VRAM, 108 SMs)
2025-06-05 20:54:05,992 INFO   – GPU 5: NVIDIA A100-SXM4-40GB  (SM 8.0, 39.4 GB VRAM, 108 SMs)
2025-06-05 20:54:05,992 INFO   – GPU 6: NVIDIA A100-SXM4-40GB  (SM 8.0, 39.4 GB VRAM, 108 SMs)
2025-06-05 20:54:05,992 INFO   – GPU 7: NVIDIA A100-SXM4-40GB  (SM 8.0, 39.4 GB VRAM, 108 SMs)
2025-06-05 20:54:05,992 INFO PyTorch version: 2.0.0+cu117
2025-06-05 20:54:05,992 INFO CUDA build version: 11.7
2025-06-05 20:54:05,993 INFO cuDNN version: 8500
2025-06-05 20:54:06,038 INFO   – GPU 0: NVIDIA A100-SXM4-40GB  (SM 8.0, 39.4 GB VRAM, 108 SMs)
2025-06-05 20:54:06,038 INFO   – GPU 1: NVIDIA A100-SXM4-40GB  (SM 8.0, 39.4 GB VRAM, 108 SMs)
2025-06-05 20:54:06,038 INFO   – GPU 2: NVIDIA A100-SXM4-40GB  (SM 8.0, 39.4 GB VRAM, 108 SMs)
2025-06-05 20:54:06,039 INFO   – GPU 3: NVIDIA A100-SXM4-40GB  (SM 8.0, 39.4 GB VRAM, 108 SMs)
2025-06-05 20:54:06,039 INFO   – GPU 4: NVIDIA A100-SXM4-40GB  (SM 8.0, 39.4 GB VRAM, 108 SMs)
2025-06-05 20:54:06,039 INFO   – GPU 5: NVIDIA A100-SXM4-40GB  (SM 8.0, 39.4 GB VRAM, 108 SMs)
2025-06-05 20:54:06,039 INFO   – GPU 6: NVIDIA A100-SXM4-40GB  (SM 8.0, 39.4 GB VRAM, 108 SMs)
2025-06-05 20:54:06,039 INFO   – GPU 7: NVIDIA A100-SXM4-40GB  (SM 8.0, 39.4 GB VRAM, 108 SMs)
2025-06-05 20:54:06,039 INFO PyTorch version: 2.0.0+cu117
2025-06-05 20:54:06,039 INFO CUDA build version: 11.7
2025-06-05 20:54:06,040 INFO cuDNN version: 8500
2025-06-05 20:54:06,176 INFO   – GPU 0: NVIDIA A100-SXM4-40GB  (SM 8.0, 39.4 GB VRAM, 108 SMs)
2025-06-05 20:54:06,176 INFO   – GPU 1: NVIDIA A100-SXM4-40GB  (SM 8.0, 39.4 GB VRAM, 108 SMs)
2025-06-05 20:54:06,176 INFO   – GPU 2: NVIDIA A100-SXM4-40GB  (SM 8.0, 39.4 GB VRAM, 108 SMs)
2025-06-05 20:54:06,176 INFO   – GPU 3: NVIDIA A100-SXM4-40GB  (SM 8.0, 39.4 GB VRAM, 108 SMs)
2025-06-05 20:54:06,176 INFO   – GPU 4: NVIDIA A100-SXM4-40GB  (SM 8.0, 39.4 GB VRAM, 108 SMs)
2025-06-05 20:54:06,176 INFO   – GPU 5: NVIDIA A100-SXM4-40GB  (SM 8.0, 39.4 GB VRAM, 108 SMs)
2025-06-05 20:54:06,176 INFO   – GPU 6: NVIDIA A100-SXM4-40GB  (SM 8.0, 39.4 GB VRAM, 108 SMs)
2025-06-05 20:54:06,176 INFO   – GPU 7: NVIDIA A100-SXM4-40GB  (SM 8.0, 39.4 GB VRAM, 108 SMs)
2025-06-05 20:54:06,176 INFO PyTorch version: 2.0.0+cu117
2025-06-05 20:54:06,176 INFO CUDA build version: 11.7
2025-06-05 20:54:06,177 INFO cuDNN version: 8500
2025-06-05 20:54:06,326 INFO `nvidia-smi --query-gpu=` output:
0, NVIDIA A100-SXM4-40GB, 550.54.15, 40960 MiB, Disabled
1, NVIDIA A100-SXM4-40GB, 550.54.15, 40960 MiB, Disabled
2, NVIDIA A100-SXM4-40GB, 550.54.15, 40960 MiB, Disabled
3, NVIDIA A100-SXM4-40GB, 550.54.15, 40960 MiB, Disabled
4, NVIDIA A100-SXM4-40GB, 550.54.15, 40960 MiB, Disabled
5, NVIDIA A100-SXM4-40GB, 550.54.15, 40960 MiB, Disabled
6, NVIDIA A100-SXM4-40GB, 550.54.15, 40960 MiB, Disabled
7, NVIDIA A100-SXM4-40GB, 550.54.15, 40960 MiB, Disabled
2025-06-05 20:54:06,478 INFO `nvidia-smi --query-gpu=` output:
0, NVIDIA A100-SXM4-40GB, 550.54.15, 40960 MiB, Disabled
1, NVIDIA A100-SXM4-40GB, 550.54.15, 40960 MiB, Disabled
2, NVIDIA A100-SXM4-40GB, 550.54.15, 40960 MiB, Disabled
3, NVIDIA A100-SXM4-40GB, 550.54.15, 40960 MiB, Disabled
4, NVIDIA A100-SXM4-40GB, 550.54.15, 40960 MiB, Disabled
5, NVIDIA A100-SXM4-40GB, 550.54.15, 40960 MiB, Disabled
6, NVIDIA A100-SXM4-40GB, 550.54.15, 40960 MiB, Disabled
7, NVIDIA A100-SXM4-40GB, 550.54.15, 40960 MiB, Disabled
2025-06-05 20:54:06,505 INFO `nvidia-smi --query-gpu=` output:
0, NVIDIA A100-SXM4-40GB, 550.54.15, 40960 MiB, Disabled
1, NVIDIA A100-SXM4-40GB, 550.54.15, 40960 MiB, Disabled
2, NVIDIA A100-SXM4-40GB, 550.54.15, 40960 MiB, Disabled
3, NVIDIA A100-SXM4-40GB, 550.54.15, 40960 MiB, Disabled
4, NVIDIA A100-SXM4-40GB, 550.54.15, 40960 MiB, Disabled
5, NVIDIA A100-SXM4-40GB, 550.54.15, 40960 MiB, Disabled
6, NVIDIA A100-SXM4-40GB, 550.54.15, 40960 MiB, Disabled
7, NVIDIA A100-SXM4-40GB, 550.54.15, 40960 MiB, Disabled
2025-06-05 20:54:06,553 INFO `nvidia-smi --query-gpu=` output:
0, NVIDIA A100-SXM4-40GB, 550.54.15, 40960 MiB, Disabled
1, NVIDIA A100-SXM4-40GB, 550.54.15, 40960 MiB, Disabled
2, NVIDIA A100-SXM4-40GB, 550.54.15, 40960 MiB, Disabled
3, NVIDIA A100-SXM4-40GB, 550.54.15, 40960 MiB, Disabled
4, NVIDIA A100-SXM4-40GB, 550.54.15, 40960 MiB, Disabled
5, NVIDIA A100-SXM4-40GB, 550.54.15, 40960 MiB, Disabled
6, NVIDIA A100-SXM4-40GB, 550.54.15, 40960 MiB, Disabled
7, NVIDIA A100-SXM4-40GB, 550.54.15, 40960 MiB, Disabled
2025-06-05 20:54:06,580 INFO `nvidia-smi --query-gpu=` output:
0, NVIDIA A100-SXM4-40GB, 550.54.15, 40960 MiB, Disabled
1, NVIDIA A100-SXM4-40GB, 550.54.15, 40960 MiB, Disabled
2, NVIDIA A100-SXM4-40GB, 550.54.15, 40960 MiB, Disabled
3, NVIDIA A100-SXM4-40GB, 550.54.15, 40960 MiB, Disabled
4, NVIDIA A100-SXM4-40GB, 550.54.15, 40960 MiB, Disabled
5, NVIDIA A100-SXM4-40GB, 550.54.15, 40960 MiB, Disabled
6, NVIDIA A100-SXM4-40GB, 550.54.15, 40960 MiB, Disabled
7, NVIDIA A100-SXM4-40GB, 550.54.15, 40960 MiB, Disabled
2025-06-05 20:54:06,580 INFO `nvidia-smi --query-gpu=` output:
0, NVIDIA A100-SXM4-40GB, 550.54.15, 40960 MiB, Disabled
1, NVIDIA A100-SXM4-40GB, 550.54.15, 40960 MiB, Disabled
2, NVIDIA A100-SXM4-40GB, 550.54.15, 40960 MiB, Disabled
3, NVIDIA A100-SXM4-40GB, 550.54.15, 40960 MiB, Disabled
4, NVIDIA A100-SXM4-40GB, 550.54.15, 40960 MiB, Disabled
5, NVIDIA A100-SXM4-40GB, 550.54.15, 40960 MiB, Disabled
6, NVIDIA A100-SXM4-40GB, 550.54.15, 40960 MiB, Disabled
7, NVIDIA A100-SXM4-40GB, 550.54.15, 40960 MiB, Disabled
2025-06-05 20:54:06,627 INFO `nvidia-smi --query-gpu=` output:
0, NVIDIA A100-SXM4-40GB, 550.54.15, 40960 MiB, Disabled
1, NVIDIA A100-SXM4-40GB, 550.54.15, 40960 MiB, Disabled
2, NVIDIA A100-SXM4-40GB, 550.54.15, 40960 MiB, Disabled
3, NVIDIA A100-SXM4-40GB, 550.54.15, 40960 MiB, Disabled
4, NVIDIA A100-SXM4-40GB, 550.54.15, 40960 MiB, Disabled
5, NVIDIA A100-SXM4-40GB, 550.54.15, 40960 MiB, Disabled
6, NVIDIA A100-SXM4-40GB, 550.54.15, 40960 MiB, Disabled
7, NVIDIA A100-SXM4-40GB, 550.54.15, 40960 MiB, Disabled
2025-06-05 22:19:19,753 INFO CUDA_VISIBLE_DEVICES reports 4 device(s).
2025-06-05 22:19:19,940 INFO   – GPU 0: NVIDIA A100-SXM4-40GB  (SM 8.0, 39.4 GB VRAM, 108 SMs)
2025-06-05 22:19:19,941 INFO   – GPU 1: NVIDIA A100-SXM4-40GB  (SM 8.0, 39.4 GB VRAM, 108 SMs)
2025-06-05 22:19:19,941 INFO   – GPU 2: NVIDIA A100-SXM4-40GB  (SM 8.0, 39.4 GB VRAM, 108 SMs)
2025-06-05 22:19:19,941 INFO   – GPU 3: NVIDIA A100-SXM4-40GB  (SM 8.0, 39.4 GB VRAM, 108 SMs)
2025-06-05 22:19:19,941 INFO PyTorch version: 2.0.0+cu117
2025-06-05 22:19:19,941 INFO CUDA build version: 11.7
2025-06-05 22:19:19,941 INFO cuDNN version: 8500
2025-06-05 22:19:20,010 INFO `nvidia-smi --query-gpu=` output:
0, NVIDIA A100-SXM4-40GB, 550.54.15, 40960 MiB, Disabled
1, NVIDIA A100-SXM4-40GB, 550.54.15, 40960 MiB, Disabled
2, NVIDIA A100-SXM4-40GB, 550.54.15, 40960 MiB, Disabled
3, NVIDIA A100-SXM4-40GB, 550.54.15, 40960 MiB, Disabled
2025-06-06 21:55:03,384 INFO CUDA_VISIBLE_DEVICES reports 2 device(s).
2025-06-06 21:55:03,504 INFO   – GPU 0: NVIDIA A100-SXM4-40GB  (SM 8.0, 39.4 GB VRAM, 108 SMs)
2025-06-06 21:55:03,504 INFO   – GPU 1: NVIDIA A100-SXM4-40GB  (SM 8.0, 39.4 GB VRAM, 108 SMs)
2025-06-06 21:55:03,504 INFO PyTorch version: 2.0.0+cu117
2025-06-06 21:55:03,504 INFO CUDA build version: 11.7
2025-06-06 21:55:03,505 INFO cuDNN version: 8500
2025-06-06 21:55:03,570 INFO `nvidia-smi --query-gpu=` output:
0, NVIDIA A100-SXM4-40GB, 550.54.15, 40960 MiB, Disabled
1, NVIDIA A100-SXM4-40GB, 550.54.15, 40960 MiB, Disabled
2, NVIDIA A100-SXM4-40GB, 550.54.15, 40960 MiB, Disabled
3, NVIDIA A100-SXM4-40GB, 550.54.15, 40960 MiB, Disabled
2025-06-06 21:58:02,022 INFO CUDA_VISIBLE_DEVICES reports 2 device(s).
2025-06-06 21:58:02,183 INFO   – GPU 0: NVIDIA A100-SXM4-40GB  (SM 8.0, 39.4 GB VRAM, 108 SMs)
2025-06-06 21:58:02,183 INFO   – GPU 1: NVIDIA A100-SXM4-40GB  (SM 8.0, 39.4 GB VRAM, 108 SMs)
2025-06-06 21:58:02,183 INFO PyTorch version: 2.0.0+cu117
2025-06-06 21:58:02,183 INFO CUDA build version: 11.7
2025-06-06 21:58:02,184 INFO cuDNN version: 8500
2025-06-06 21:58:02,259 INFO `nvidia-smi --query-gpu=` output:
0, NVIDIA A100-SXM4-40GB, 550.54.15, 40960 MiB, Disabled
1, NVIDIA A100-SXM4-40GB, 550.54.15, 40960 MiB, Disabled
2, NVIDIA A100-SXM4-40GB, 550.54.15, 40960 MiB, Disabled
3, NVIDIA A100-SXM4-40GB, 550.54.15, 40960 MiB, Disabled
2025-06-07 00:57:08,622 INFO CUDA_VISIBLE_DEVICES reports 2 device(s).
2025-06-07 00:57:08,766 INFO   – GPU 0: NVIDIA A100-SXM4-40GB  (SM 8.0, 39.4 GB VRAM, 108 SMs)
2025-06-07 00:57:08,766 INFO   – GPU 1: NVIDIA A100-SXM4-40GB  (SM 8.0, 39.4 GB VRAM, 108 SMs)
2025-06-07 00:57:08,766 INFO PyTorch version: 2.0.0+cu117
2025-06-07 00:57:08,766 INFO CUDA build version: 11.7
2025-06-07 00:57:08,767 INFO cuDNN version: 8500
2025-06-07 00:57:08,847 INFO `nvidia-smi --query-gpu=` output:
0, NVIDIA A100-SXM4-40GB, 550.54.15, 40960 MiB, Disabled
1, NVIDIA A100-SXM4-40GB, 550.54.15, 40960 MiB, Disabled
2, NVIDIA A100-SXM4-40GB, 550.54.15, 40960 MiB, Disabled
3, NVIDIA A100-SXM4-40GB, 550.54.15, 40960 MiB, Disabled
2025-06-07 00:58:57,596 INFO CUDA_VISIBLE_DEVICES reports 2 device(s).
2025-06-07 00:58:57,773 INFO   – GPU 0: NVIDIA A100-SXM4-40GB  (SM 8.0, 39.4 GB VRAM, 108 SMs)
2025-06-07 00:58:57,773 INFO   – GPU 1: NVIDIA A100-SXM4-40GB  (SM 8.0, 39.4 GB VRAM, 108 SMs)
2025-06-07 00:58:57,773 INFO PyTorch version: 2.0.0+cu117
2025-06-07 00:58:57,773 INFO CUDA build version: 11.7
2025-06-07 00:58:57,774 INFO cuDNN version: 8500
2025-06-07 00:58:57,848 INFO `nvidia-smi --query-gpu=` output:
0, NVIDIA A100-SXM4-40GB, 550.54.15, 40960 MiB, Disabled
1, NVIDIA A100-SXM4-40GB, 550.54.15, 40960 MiB, Disabled
2, NVIDIA A100-SXM4-40GB, 550.54.15, 40960 MiB, Disabled
3, NVIDIA A100-SXM4-40GB, 550.54.15, 40960 MiB, Disabled
2025-06-07 03:45:14,769 INFO CUDA_VISIBLE_DEVICES reports 4 device(s).
2025-06-07 03:45:14,968 INFO   – GPU 0: NVIDIA A100-SXM4-40GB  (SM 8.0, 39.4 GB VRAM, 108 SMs)
2025-06-07 03:45:14,968 INFO   – GPU 1: NVIDIA A100-SXM4-40GB  (SM 8.0, 39.4 GB VRAM, 108 SMs)
2025-06-07 03:45:14,968 INFO   – GPU 2: NVIDIA A100-SXM4-40GB  (SM 8.0, 39.4 GB VRAM, 108 SMs)
2025-06-07 03:45:14,968 INFO   – GPU 3: NVIDIA A100-SXM4-40GB  (SM 8.0, 39.4 GB VRAM, 108 SMs)
2025-06-07 03:45:14,968 INFO PyTorch version: 2.0.0+cu117
2025-06-07 03:45:14,968 INFO CUDA build version: 11.7
2025-06-07 03:45:14,970 INFO cuDNN version: 8500
2025-06-07 03:45:15,046 INFO `nvidia-smi --query-gpu=` output:
0, NVIDIA A100-SXM4-40GB, 535.216.01, 40960 MiB, Disabled
1, NVIDIA A100-SXM4-40GB, 535.216.01, 40960 MiB, Disabled
2, NVIDIA A100-SXM4-40GB, 535.216.01, 40960 MiB, Disabled
3, NVIDIA A100-SXM4-40GB, 535.216.01, 40960 MiB, Disabled
2025-06-07 18:06:56,356 INFO CUDA_VISIBLE_DEVICES reports 2 device(s).
2025-06-07 18:06:56,484 INFO   – GPU 0: NVIDIA A100-SXM4-40GB  (SM 8.0, 39.4 GB VRAM, 108 SMs)
2025-06-07 18:06:56,484 INFO   – GPU 1: NVIDIA A100-SXM4-40GB  (SM 8.0, 39.4 GB VRAM, 108 SMs)
2025-06-07 18:06:56,484 INFO PyTorch version: 2.0.0+cu117
2025-06-07 18:06:56,484 INFO CUDA build version: 11.7
2025-06-07 18:06:56,485 INFO cuDNN version: 8500
2025-06-07 18:06:56,555 INFO `nvidia-smi --query-gpu=` output:
0, NVIDIA A100-SXM4-40GB, 550.54.15, 40960 MiB, Disabled
1, NVIDIA A100-SXM4-40GB, 550.54.15, 40960 MiB, Disabled
2, NVIDIA A100-SXM4-40GB, 550.54.15, 40960 MiB, Disabled
3, NVIDIA A100-SXM4-40GB, 550.54.15, 40960 MiB, Disabled
2025-06-07 18:07:41,323 INFO CUDA_VISIBLE_DEVICES reports 2 device(s).
2025-06-07 18:07:41,421 INFO   – GPU 0: NVIDIA A100-SXM4-40GB  (SM 8.0, 39.4 GB VRAM, 108 SMs)
2025-06-07 18:07:41,421 INFO   – GPU 1: NVIDIA A100-SXM4-40GB  (SM 8.0, 39.4 GB VRAM, 108 SMs)
2025-06-07 18:07:41,421 INFO PyTorch version: 2.0.0+cu117
2025-06-07 18:07:41,421 INFO CUDA build version: 11.7
2025-06-07 18:07:41,422 INFO cuDNN version: 8500
2025-06-07 18:07:41,747 INFO `nvidia-smi --query-gpu=` output:
0, NVIDIA A100-SXM4-40GB, 550.54.15, 40960 MiB, Disabled
1, NVIDIA A100-SXM4-40GB, 550.54.15, 40960 MiB, Disabled
2, NVIDIA A100-SXM4-40GB, 550.54.15, 40960 MiB, Disabled
3, NVIDIA A100-SXM4-40GB, 550.54.15, 40960 MiB, Disabled
2025-06-07 19:02:18,024 INFO CUDA_VISIBLE_DEVICES reports 2 device(s).
2025-06-07 19:02:18,167 INFO   – GPU 0: NVIDIA A100-SXM4-40GB  (SM 8.0, 39.4 GB VRAM, 108 SMs)
2025-06-07 19:02:18,167 INFO   – GPU 1: NVIDIA A100-SXM4-40GB  (SM 8.0, 39.4 GB VRAM, 108 SMs)
2025-06-07 19:02:18,167 INFO PyTorch version: 2.0.0+cu117
2025-06-07 19:02:18,167 INFO CUDA build version: 11.7
2025-06-07 19:02:18,168 INFO cuDNN version: 8500
2025-06-07 19:02:18,242 INFO `nvidia-smi --query-gpu=` output:
0, NVIDIA A100-SXM4-40GB, 550.54.15, 40960 MiB, Disabled
1, NVIDIA A100-SXM4-40GB, 550.54.15, 40960 MiB, Disabled
2, NVIDIA A100-SXM4-40GB, 550.54.15, 40960 MiB, Disabled
3, NVIDIA A100-SXM4-40GB, 550.54.15, 40960 MiB, Disabled
2025-06-07 19:03:32,376 INFO CUDA_VISIBLE_DEVICES reports 2 device(s).
2025-06-07 19:03:32,488 INFO   – GPU 0: NVIDIA A100-SXM4-40GB  (SM 8.0, 39.4 GB VRAM, 108 SMs)
2025-06-07 19:03:32,488 INFO   – GPU 1: NVIDIA A100-SXM4-40GB  (SM 8.0, 39.4 GB VRAM, 108 SMs)
2025-06-07 19:03:32,488 INFO PyTorch version: 2.0.0+cu117
2025-06-07 19:03:32,488 INFO CUDA build version: 11.7
2025-06-07 19:03:32,489 INFO cuDNN version: 8500
2025-06-07 19:03:32,548 INFO `nvidia-smi --query-gpu=` output:
0, NVIDIA A100-SXM4-40GB, 550.54.15, 40960 MiB, Disabled
1, NVIDIA A100-SXM4-40GB, 550.54.15, 40960 MiB, Disabled
2, NVIDIA A100-SXM4-40GB, 550.54.15, 40960 MiB, Disabled
3, NVIDIA A100-SXM4-40GB, 550.54.15, 40960 MiB, Disabled
2025-06-07 19:04:57,480 INFO CUDA_VISIBLE_DEVICES reports 4 device(s).
2025-06-07 19:04:57,658 INFO   – GPU 0: NVIDIA A100-SXM4-40GB  (SM 8.0, 39.4 GB VRAM, 108 SMs)
2025-06-07 19:04:57,659 INFO   – GPU 1: NVIDIA A100-SXM4-40GB  (SM 8.0, 39.4 GB VRAM, 108 SMs)
2025-06-07 19:04:57,659 INFO   – GPU 2: NVIDIA A100-SXM4-40GB  (SM 8.0, 39.4 GB VRAM, 108 SMs)
2025-06-07 19:04:57,659 INFO   – GPU 3: NVIDIA A100-SXM4-40GB  (SM 8.0, 39.4 GB VRAM, 108 SMs)
2025-06-07 19:04:57,659 INFO PyTorch version: 2.0.0+cu117
2025-06-07 19:04:57,659 INFO CUDA build version: 11.7
2025-06-07 19:04:57,660 INFO cuDNN version: 8500
2025-06-07 19:04:57,720 INFO `nvidia-smi --query-gpu=` output:
0, NVIDIA A100-SXM4-40GB, 550.54.15, 40960 MiB, Disabled
1, NVIDIA A100-SXM4-40GB, 550.54.15, 40960 MiB, Disabled
2, NVIDIA A100-SXM4-40GB, 550.54.15, 40960 MiB, Disabled
3, NVIDIA A100-SXM4-40GB, 550.54.15, 40960 MiB, Disabled
2025-06-07 19:06:06,408 INFO CUDA_VISIBLE_DEVICES reports 2 device(s).
2025-06-07 19:06:06,549 INFO   – GPU 0: NVIDIA A100-SXM4-40GB  (SM 8.0, 39.4 GB VRAM, 108 SMs)
2025-06-07 19:06:06,549 INFO   – GPU 1: NVIDIA A100-SXM4-40GB  (SM 8.0, 39.4 GB VRAM, 108 SMs)
2025-06-07 19:06:06,549 INFO PyTorch version: 2.0.0+cu117
2025-06-07 19:06:06,549 INFO CUDA build version: 11.7
2025-06-07 19:06:06,550 INFO cuDNN version: 8500
2025-06-07 19:06:06,609 INFO `nvidia-smi --query-gpu=` output:
0, NVIDIA A100-SXM4-40GB, 550.54.15, 40960 MiB, Disabled
1, NVIDIA A100-SXM4-40GB, 550.54.15, 40960 MiB, Disabled
2, NVIDIA A100-SXM4-40GB, 550.54.15, 40960 MiB, Disabled
3, NVIDIA A100-SXM4-40GB, 550.54.15, 40960 MiB, Disabled
2025-06-07 21:38:52,437 INFO CUDA_VISIBLE_DEVICES reports 1 device(s).
2025-06-07 21:38:52,606 INFO   – GPU 0: NVIDIA A100-SXM4-40GB  (SM 8.0, 39.4 GB VRAM, 108 SMs)
2025-06-07 21:38:52,606 INFO PyTorch version: 2.0.0+cu117
2025-06-07 21:38:52,606 INFO CUDA build version: 11.7
2025-06-07 21:38:52,607 INFO cuDNN version: 8500
2025-06-07 21:38:52,660 INFO `nvidia-smi --query-gpu=` output:
0, NVIDIA A100-SXM4-40GB, 535.216.01, 40960 MiB, Disabled
1, NVIDIA A100-SXM4-40GB, 535.216.01, 40960 MiB, Disabled
2, NVIDIA A100-SXM4-40GB, 535.216.01, 40960 MiB, Disabled
3, NVIDIA A100-SXM4-40GB, 535.216.01, 40960 MiB, Disabled
2025-06-07 21:47:50,040 INFO CUDA_VISIBLE_DEVICES reports 2 device(s).
2025-06-07 21:47:50,159 INFO   – GPU 0: NVIDIA A100-SXM4-40GB  (SM 8.0, 39.4 GB VRAM, 108 SMs)
2025-06-07 21:47:50,159 INFO   – GPU 1: NVIDIA A100-SXM4-40GB  (SM 8.0, 39.4 GB VRAM, 108 SMs)
2025-06-07 21:47:50,159 INFO PyTorch version: 2.0.0+cu117
2025-06-07 21:47:50,159 INFO CUDA build version: 11.7
2025-06-07 21:47:50,160 INFO cuDNN version: 8500
2025-06-07 21:47:50,232 INFO `nvidia-smi --query-gpu=` output:
0, NVIDIA A100-SXM4-40GB, 550.54.15, 40960 MiB, Disabled
1, NVIDIA A100-SXM4-40GB, 550.54.15, 40960 MiB, Disabled
2, NVIDIA A100-SXM4-40GB, 550.54.15, 40960 MiB, Disabled
3, NVIDIA A100-SXM4-40GB, 550.54.15, 40960 MiB, Disabled
2025-06-07 21:53:05,413 INFO CUDA_VISIBLE_DEVICES reports 2 device(s).
2025-06-07 21:53:05,524 INFO   – GPU 0: NVIDIA A100-SXM4-40GB  (SM 8.0, 39.4 GB VRAM, 108 SMs)
2025-06-07 21:53:05,524 INFO   – GPU 1: NVIDIA A100-SXM4-40GB  (SM 8.0, 39.4 GB VRAM, 108 SMs)
2025-06-07 21:53:05,524 INFO PyTorch version: 2.0.0+cu117
2025-06-07 21:53:05,524 INFO CUDA build version: 11.7
2025-06-07 21:53:05,525 INFO cuDNN version: 8500
2025-06-07 21:53:05,583 INFO `nvidia-smi --query-gpu=` output:
0, NVIDIA A100-SXM4-40GB, 550.54.15, 40960 MiB, Disabled
1, NVIDIA A100-SXM4-40GB, 550.54.15, 40960 MiB, Disabled
2, NVIDIA A100-SXM4-40GB, 550.54.15, 40960 MiB, Disabled
3, NVIDIA A100-SXM4-40GB, 550.54.15, 40960 MiB, Disabled
2025-06-07 22:12:21,098 INFO CUDA_VISIBLE_DEVICES reports 1 device(s).
2025-06-07 22:12:21,288 INFO   – GPU 0: NVIDIA A100-SXM4-40GB  (SM 8.0, 39.4 GB VRAM, 108 SMs)
2025-06-07 22:12:21,288 INFO PyTorch version: 2.0.0+cu117
2025-06-07 22:12:21,288 INFO CUDA build version: 11.7
2025-06-07 22:12:21,289 INFO cuDNN version: 8500
2025-06-07 22:12:21,356 INFO `nvidia-smi --query-gpu=` output:
0, NVIDIA A100-SXM4-40GB, 535.216.01, 40960 MiB, Disabled
1, NVIDIA A100-SXM4-40GB, 535.216.01, 40960 MiB, Disabled
2, NVIDIA A100-SXM4-40GB, 535.216.01, 40960 MiB, Disabled
3, NVIDIA A100-SXM4-40GB, 535.216.01, 40960 MiB, Disabled
2025-06-08 00:43:57,061 INFO CUDA_VISIBLE_DEVICES reports 1 device(s).
2025-06-08 00:43:57,335 INFO   – GPU 0: NVIDIA A100-SXM4-40GB  (SM 8.0, 39.4 GB VRAM, 108 SMs)
2025-06-08 00:43:57,335 INFO PyTorch version: 2.0.0+cu117
2025-06-08 00:43:57,335 INFO CUDA build version: 11.7
2025-06-08 00:43:57,336 INFO cuDNN version: 8500
2025-06-08 00:43:57,419 INFO `nvidia-smi --query-gpu=` output:
0, NVIDIA A100-SXM4-40GB, 535.216.01, 40960 MiB, Disabled
1, NVIDIA A100-SXM4-40GB, 535.216.01, 40960 MiB, Disabled
2, NVIDIA A100-SXM4-40GB, 535.216.01, 40960 MiB, Disabled
3, NVIDIA A100-SXM4-40GB, 535.216.01, 40960 MiB, Disabled
2025-06-08 00:45:37,255 INFO CUDA_VISIBLE_DEVICES reports 2 device(s).
2025-06-08 00:45:37,362 INFO   – GPU 0: NVIDIA A100-SXM4-40GB  (SM 8.0, 39.4 GB VRAM, 108 SMs)
2025-06-08 00:45:37,362 INFO   – GPU 1: NVIDIA A100-SXM4-40GB  (SM 8.0, 39.4 GB VRAM, 108 SMs)
2025-06-08 00:45:37,363 INFO PyTorch version: 2.0.0+cu117
2025-06-08 00:45:37,363 INFO CUDA build version: 11.7
2025-06-08 00:45:37,364 INFO cuDNN version: 8500
2025-06-08 00:45:37,426 INFO `nvidia-smi --query-gpu=` output:
0, NVIDIA A100-SXM4-40GB, 550.54.15, 40960 MiB, Disabled
1, NVIDIA A100-SXM4-40GB, 550.54.15, 40960 MiB, Disabled
2, NVIDIA A100-SXM4-40GB, 550.54.15, 40960 MiB, Disabled
3, NVIDIA A100-SXM4-40GB, 550.54.15, 40960 MiB, Disabled
2025-06-08 01:18:11,461 INFO CUDA_VISIBLE_DEVICES reports 1 device(s).
2025-06-08 01:18:11,616 INFO   – GPU 0: NVIDIA A100-SXM4-40GB  (SM 8.0, 39.4 GB VRAM, 108 SMs)
2025-06-08 01:18:11,616 INFO PyTorch version: 2.0.0+cu117
2025-06-08 01:18:11,616 INFO CUDA build version: 11.7
2025-06-08 01:18:11,617 INFO cuDNN version: 8500
2025-06-08 01:18:11,695 INFO `nvidia-smi --query-gpu=` output:
0, NVIDIA A100-SXM4-40GB, 535.216.01, 40960 MiB, Disabled
1, NVIDIA A100-SXM4-40GB, 535.216.01, 40960 MiB, Disabled
2, NVIDIA A100-SXM4-40GB, 535.216.01, 40960 MiB, Disabled
3, NVIDIA A100-SXM4-40GB, 535.216.01, 40960 MiB, Disabled
2025-06-08 01:19:23,824 INFO CUDA_VISIBLE_DEVICES reports 2 device(s).
2025-06-08 01:19:23,929 INFO   – GPU 0: NVIDIA A100-SXM4-40GB  (SM 8.0, 39.4 GB VRAM, 108 SMs)
2025-06-08 01:19:23,930 INFO   – GPU 1: NVIDIA A100-SXM4-40GB  (SM 8.0, 39.4 GB VRAM, 108 SMs)
2025-06-08 01:19:23,930 INFO PyTorch version: 2.0.0+cu117
2025-06-08 01:19:23,930 INFO CUDA build version: 11.7
2025-06-08 01:19:23,930 INFO cuDNN version: 8500
2025-06-08 01:19:23,987 INFO `nvidia-smi --query-gpu=` output:
0, NVIDIA A100-SXM4-40GB, 550.54.15, 40960 MiB, Disabled
1, NVIDIA A100-SXM4-40GB, 550.54.15, 40960 MiB, Disabled
2, NVIDIA A100-SXM4-40GB, 550.54.15, 40960 MiB, Disabled
3, NVIDIA A100-SXM4-40GB, 550.54.15, 40960 MiB, Disabled
2025-06-08 06:55:31,907 INFO CUDA_VISIBLE_DEVICES reports 3 device(s).
2025-06-08 06:55:32,047 INFO   – GPU 0: NVIDIA A100-SXM4-40GB  (SM 8.0, 39.4 GB VRAM, 108 SMs)
2025-06-08 06:55:32,047 INFO   – GPU 1: NVIDIA A100-SXM4-40GB  (SM 8.0, 39.4 GB VRAM, 108 SMs)
2025-06-08 06:55:32,047 INFO   – GPU 2: NVIDIA A100-SXM4-40GB  (SM 8.0, 39.4 GB VRAM, 108 SMs)
2025-06-08 06:55:32,047 INFO PyTorch version: 2.0.0+cu117
2025-06-08 06:55:32,047 INFO CUDA build version: 11.7
2025-06-08 06:55:32,048 INFO cuDNN version: 8500
2025-06-08 06:55:32,122 INFO `nvidia-smi --query-gpu=` output:
0, NVIDIA A100-SXM4-40GB, 550.54.15, 40960 MiB, Disabled
1, NVIDIA A100-SXM4-40GB, 550.54.15, 40960 MiB, Disabled
2, NVIDIA A100-SXM4-40GB, 550.54.15, 40960 MiB, Disabled
3, NVIDIA A100-SXM4-40GB, 550.54.15, 40960 MiB, Disabled
2025-06-08 15:56:46,469 INFO CUDA_VISIBLE_DEVICES reports 2 device(s).
2025-06-08 15:56:46,592 INFO   – GPU 0: NVIDIA A100-SXM4-40GB  (SM 8.0, 39.4 GB VRAM, 108 SMs)
2025-06-08 15:56:46,593 INFO   – GPU 1: NVIDIA A100-SXM4-40GB  (SM 8.0, 39.4 GB VRAM, 108 SMs)
2025-06-08 15:56:46,593 INFO PyTorch version: 2.0.0+cu117
2025-06-08 15:56:46,593 INFO CUDA build version: 11.7
2025-06-08 15:56:46,593 INFO cuDNN version: 8500
2025-06-08 15:56:46,667 INFO `nvidia-smi --query-gpu=` output:
0, NVIDIA A100-SXM4-40GB, 550.54.15, 40960 MiB, Disabled
1, NVIDIA A100-SXM4-40GB, 550.54.15, 40960 MiB, Disabled
2, NVIDIA A100-SXM4-40GB, 550.54.15, 40960 MiB, Disabled
3, NVIDIA A100-SXM4-40GB, 550.54.15, 40960 MiB, Disabled
2025-06-09 14:36:48,216 INFO CUDA_VISIBLE_DEVICES reports 1 device(s).
2025-06-09 14:36:48,418 INFO   – GPU 0: NVIDIA A100-SXM4-40GB  (SM 8.0, 39.4 GB VRAM, 108 SMs)
2025-06-09 14:36:48,418 INFO PyTorch version: 2.0.0+cu117
2025-06-09 14:36:48,418 INFO CUDA build version: 11.7
2025-06-09 14:36:48,418 INFO cuDNN version: 8500
2025-06-09 14:36:48,499 INFO `nvidia-smi --query-gpu=` output:
0, NVIDIA A100-SXM4-40GB, 535.216.01, 40960 MiB, Disabled
1, NVIDIA A100-SXM4-40GB, 535.216.01, 40960 MiB, Disabled
2, NVIDIA A100-SXM4-40GB, 535.216.01, 40960 MiB, Disabled
3, NVIDIA A100-SXM4-40GB, 535.216.01, 40960 MiB, Disabled
2025-06-09 20:59:04,947 INFO CUDA_VISIBLE_DEVICES reports 2 device(s).
2025-06-09 20:59:05,145 INFO   – GPU 0: NVIDIA A100-SXM4-40GB  (SM 8.0, 39.4 GB VRAM, 108 SMs)
2025-06-09 20:59:05,145 INFO   – GPU 1: NVIDIA A100-SXM4-40GB  (SM 8.0, 39.4 GB VRAM, 108 SMs)
2025-06-09 20:59:05,145 INFO PyTorch version: 2.0.0+cu117
2025-06-09 20:59:05,145 INFO CUDA build version: 11.7
2025-06-09 20:59:05,146 INFO cuDNN version: 8500
2025-06-09 20:59:05,261 INFO `nvidia-smi --query-gpu=` output:
0, NVIDIA A100-SXM4-40GB, 535.216.01, 40960 MiB, Disabled
1, NVIDIA A100-SXM4-40GB, 535.216.01, 40960 MiB, Disabled
2, NVIDIA A100-SXM4-40GB, 535.216.01, 40960 MiB, Disabled
3, NVIDIA A100-SXM4-40GB, 535.216.01, 40960 MiB, Disabled
2025-06-09 21:00:41,898 INFO CUDA_VISIBLE_DEVICES reports 2 device(s).
2025-06-09 21:00:42,052 INFO   – GPU 0: NVIDIA A100-SXM4-40GB  (SM 8.0, 39.4 GB VRAM, 108 SMs)
2025-06-09 21:00:42,053 INFO   – GPU 1: NVIDIA A100-SXM4-40GB  (SM 8.0, 39.4 GB VRAM, 108 SMs)
2025-06-09 21:00:42,053 INFO PyTorch version: 2.0.0+cu117
2025-06-09 21:00:42,053 INFO CUDA build version: 11.7
2025-06-09 21:00:42,053 INFO cuDNN version: 8500
2025-06-09 21:00:42,119 INFO `nvidia-smi --query-gpu=` output:
0, NVIDIA A100-SXM4-40GB, 535.216.01, 40960 MiB, Disabled
1, NVIDIA A100-SXM4-40GB, 535.216.01, 40960 MiB, Disabled
2, NVIDIA A100-SXM4-40GB, 535.216.01, 40960 MiB, Disabled
3, NVIDIA A100-SXM4-40GB, 535.216.01, 40960 MiB, Disabled
2025-06-09 21:02:59,436 INFO CUDA_VISIBLE_DEVICES reports 2 device(s).
2025-06-09 21:02:59,662 INFO   – GPU 0: NVIDIA A100-SXM4-40GB  (SM 8.0, 39.4 GB VRAM, 108 SMs)
2025-06-09 21:02:59,662 INFO   – GPU 1: NVIDIA A100-SXM4-40GB  (SM 8.0, 39.4 GB VRAM, 108 SMs)
2025-06-09 21:02:59,662 INFO PyTorch version: 2.0.0+cu117
2025-06-09 21:02:59,662 INFO CUDA build version: 11.7
2025-06-09 21:02:59,663 INFO cuDNN version: 8500
2025-06-09 21:02:59,720 INFO `nvidia-smi --query-gpu=` output:
0, NVIDIA A100-SXM4-40GB, 535.216.01, 40960 MiB, Disabled
1, NVIDIA A100-SXM4-40GB, 535.216.01, 40960 MiB, Disabled
2, NVIDIA A100-SXM4-40GB, 535.216.01, 40960 MiB, Disabled
3, NVIDIA A100-SXM4-40GB, 535.216.01, 40960 MiB, Disabled
2025-06-09 21:04:36,532 INFO CUDA_VISIBLE_DEVICES reports 2 device(s).
2025-06-09 21:04:36,913 INFO   – GPU 0: NVIDIA A100-SXM4-40GB  (SM 8.0, 39.4 GB VRAM, 108 SMs)
2025-06-09 21:04:36,913 INFO   – GPU 1: NVIDIA A100-SXM4-40GB  (SM 8.0, 39.4 GB VRAM, 108 SMs)
2025-06-09 21:04:36,913 INFO PyTorch version: 2.0.0+cu117
2025-06-09 21:04:36,913 INFO CUDA build version: 11.7
2025-06-09 21:04:36,914 INFO cuDNN version: 8500
2025-06-09 21:04:36,987 INFO `nvidia-smi --query-gpu=` output:
0, NVIDIA A100-SXM4-40GB, 535.216.01, 40960 MiB, Disabled
1, NVIDIA A100-SXM4-40GB, 535.216.01, 40960 MiB, Disabled
2, NVIDIA A100-SXM4-40GB, 535.216.01, 40960 MiB, Disabled
3, NVIDIA A100-SXM4-40GB, 535.216.01, 40960 MiB, Disabled
2025-06-10 13:42:54,099 INFO CUDA_VISIBLE_DEVICES reports 4 device(s).
2025-06-10 13:42:54,336 INFO   – GPU 0: NVIDIA A100-SXM4-40GB  (SM 8.0, 39.4 GB VRAM, 108 SMs)
2025-06-10 13:42:54,336 INFO   – GPU 1: NVIDIA A100-SXM4-40GB  (SM 8.0, 39.4 GB VRAM, 108 SMs)
2025-06-10 13:42:54,336 INFO   – GPU 2: NVIDIA A100-SXM4-40GB  (SM 8.0, 39.4 GB VRAM, 108 SMs)
2025-06-10 13:42:54,336 INFO   – GPU 3: NVIDIA A100-SXM4-40GB  (SM 8.0, 39.4 GB VRAM, 108 SMs)
2025-06-10 13:42:54,336 INFO PyTorch version: 2.0.0+cu117
2025-06-10 13:42:54,336 INFO CUDA build version: 11.7
2025-06-10 13:42:54,337 INFO cuDNN version: 8500
2025-06-10 13:42:54,418 INFO `nvidia-smi --query-gpu=` output:
0, NVIDIA A100-SXM4-40GB, 550.54.15, 40960 MiB, Disabled
1, NVIDIA A100-SXM4-40GB, 550.54.15, 40960 MiB, Disabled
2, NVIDIA A100-SXM4-40GB, 550.54.15, 40960 MiB, Disabled
3, NVIDIA A100-SXM4-40GB, 550.54.15, 40960 MiB, Disabled
2025-06-10 17:34:25,966 INFO CUDA_VISIBLE_DEVICES reports 2 device(s).
2025-06-10 17:34:26,228 INFO   – GPU 0: NVIDIA A100-SXM4-40GB  (SM 8.0, 39.4 GB VRAM, 108 SMs)
2025-06-10 17:34:26,228 INFO   – GPU 1: NVIDIA A100-SXM4-40GB  (SM 8.0, 39.4 GB VRAM, 108 SMs)
2025-06-10 17:34:26,228 INFO PyTorch version: 2.0.0+cu117
2025-06-10 17:34:26,228 INFO CUDA build version: 11.7
2025-06-10 17:34:26,229 INFO cuDNN version: 8500
2025-06-10 17:34:26,368 INFO `nvidia-smi --query-gpu=` output:
0, NVIDIA A100-SXM4-40GB, 535.216.01, 40960 MiB, Disabled
1, NVIDIA A100-SXM4-40GB, 535.216.01, 40960 MiB, Disabled
2, NVIDIA A100-SXM4-40GB, 535.216.01, 40960 MiB, Disabled
3, NVIDIA A100-SXM4-40GB, 535.216.01, 40960 MiB, Disabled
