[pod/msalehjahromi-torchrun-ftn-ddp-k4fmd/main] 2025-06-05T14:47:00.031831104-05:00 WARNING:torch.distributed.run:
[pod/msalehjahromi-torchrun-ftn-ddp-k4fmd/main] 2025-06-05T14:47:00.031894935-05:00 *****************************************
[pod/msalehjahromi-torchrun-ftn-ddp-k4fmd/main] 2025-06-05T14:47:00.031898271-05:00 Setting OMP_NUM_THREADS environment variable for each process to be 1 in default, to avoid your system being overloaded, please further tune the variable for optimal performance in your application as needed. 
[pod/msalehjahromi-torchrun-ftn-ddp-k4fmd/main] 2025-06-05T14:47:00.031903221-05:00 *****************************************
[pod/msalehjahromi-torchrun-ftn-ddp-k4fmd/main] 2025-06-05T14:47:00.100400413-05:00 /usr/bin/python3: can't open file '/rsrch1/ip/msalehjahromi/codes/FineTune/multiGPU/n_GPU_A100_V2/2_run_fineTune_ddp_launcher.py': [Errno 2] No such file or directory
[pod/msalehjahromi-torchrun-ftn-ddp-k4fmd/main] 2025-06-05T14:47:00.100415822-05:00 /usr/bin/python3: can't open file '/rsrch1/ip/msalehjahromi/codes/FineTune/multiGPU/n_GPU_A100_V2/2_run_fineTune_ddp_launcher.py': [Errno 2] No such file or directory
[pod/msalehjahromi-torchrun-ftn-ddp-k4fmd/main] 2025-06-05T14:47:00.100418568-05:00 /usr/bin/python3: can't open file '/rsrch1/ip/msalehjahromi/codes/FineTune/multiGPU/n_GPU_A100_V2/2_run_fineTune_ddp_launcher.py': [Errno 2] No such file or directory
[pod/msalehjahromi-torchrun-ftn-ddp-k4fmd/main] 2025-06-05T14:47:00.100421103-05:00 /usr/bin/python3: can't open file '/rsrch1/ip/msalehjahromi/codes/FineTune/multiGPU/n_GPU_A100_V2/2_run_fineTune_ddp_launcher.py': [Errno 2] No such file or directory
[pod/msalehjahromi-torchrun-ftn-ddp-k4fmd/main] 2025-06-05T14:47:05.082847210-05:00 ERROR:torch.distributed.elastic.multiprocessing.api:failed (exitcode: 2) local_rank: 0 (pid: 72) of binary: /usr/bin/python3
[pod/msalehjahromi-torchrun-ftn-ddp-k4fmd/main] 2025-06-05T14:47:05.086966349-05:00 Traceback (most recent call last):
[pod/msalehjahromi-torchrun-ftn-ddp-k4fmd/main] 2025-06-05T14:47:05.086981147-05:00   File "/usr/local/bin/torchrun", line 8, in <module>
[pod/msalehjahromi-torchrun-ftn-ddp-k4fmd/main] 2025-06-05T14:47:05.087130380-05:00     sys.exit(main())
[pod/msalehjahromi-torchrun-ftn-ddp-k4fmd/main] 2025-06-05T14:47:05.087139207-05:00   File "/rsrch1/ip/msalehjahromi/.local/lib/python3.10/site-packages/torch/distributed/elastic/multiprocessing/errors/__init__.py", line 346, in wrapper
[pod/msalehjahromi-torchrun-ftn-ddp-k4fmd/main] 2025-06-05T14:47:05.087404200-05:00     return f(*args, **kwargs)
[pod/msalehjahromi-torchrun-ftn-ddp-k4fmd/main] 2025-06-05T14:47:05.087410071-05:00   File "/rsrch1/ip/msalehjahromi/.local/lib/python3.10/site-packages/torch/distributed/run.py", line 794, in main
[pod/msalehjahromi-torchrun-ftn-ddp-k4fmd/main] 2025-06-05T14:47:05.087739186-05:00     run(args)
[pod/msalehjahromi-torchrun-ftn-ddp-k4fmd/main] 2025-06-05T14:47:05.087760346-05:00   File "/rsrch1/ip/msalehjahromi/.local/lib/python3.10/site-packages/torch/distributed/run.py", line 785, in run
[pod/msalehjahromi-torchrun-ftn-ddp-k4fmd/main] 2025-06-05T14:47:05.088031461-05:00     elastic_launch(
[pod/msalehjahromi-torchrun-ftn-ddp-k4fmd/main] 2025-06-05T14:47:05.088040187-05:00   File "/rsrch1/ip/msalehjahromi/.local/lib/python3.10/site-packages/torch/distributed/launcher/api.py", line 134, in __call__
[pod/msalehjahromi-torchrun-ftn-ddp-k4fmd/main] 2025-06-05T14:47:05.088257439-05:00     return launch_agent(self._config, self._entrypoint, list(args))
[pod/msalehjahromi-torchrun-ftn-ddp-k4fmd/main] 2025-06-05T14:47:05.088262629-05:00   File "/rsrch1/ip/msalehjahromi/.local/lib/python3.10/site-packages/torch/distributed/launcher/api.py", line 250, in launch_agent
[pod/msalehjahromi-torchrun-ftn-ddp-k4fmd/main] 2025-06-05T14:47:05.088312644-05:00     raise ChildFailedError(
[pod/msalehjahromi-torchrun-ftn-ddp-k4fmd/main] 2025-06-05T14:47:05.088315380-05:00 torch.distributed.elastic.multiprocessing.errors.ChildFailedError: 
[pod/msalehjahromi-torchrun-ftn-ddp-k4fmd/main] 2025-06-05T14:47:05.088317985-05:00 ============================================================
[pod/msalehjahromi-torchrun-ftn-ddp-k4fmd/main] 2025-06-05T14:47:05.088322393-05:00 /rsrch1/ip/msalehjahromi/codes/FineTune/multiGPU/n_GPU_A100_V2/2_run_fineTune_ddp_launcher.py FAILED
[pod/msalehjahromi-torchrun-ftn-ddp-k4fmd/main] 2025-06-05T14:47:05.088324867-05:00 ------------------------------------------------------------
[pod/msalehjahromi-torchrun-ftn-ddp-k4fmd/main] 2025-06-05T14:47:05.088327873-05:00 Failures:
[pod/msalehjahromi-torchrun-ftn-ddp-k4fmd/main] 2025-06-05T14:47:05.088330428-05:00 [1]:
[pod/msalehjahromi-torchrun-ftn-ddp-k4fmd/main] 2025-06-05T14:47:05.088332873-05:00   time      : 2025-06-05_19:47:05
[pod/msalehjahromi-torchrun-ftn-ddp-k4fmd/main] 2025-06-05T14:47:05.088335688-05:00   host      : msalehjahromi-torchrun-ftn-ddp-k4fmd
[pod/msalehjahromi-torchrun-ftn-ddp-k4fmd/main] 2025-06-05T14:47:05.088337982-05:00   rank      : 1 (local_rank: 1)
[pod/msalehjahromi-torchrun-ftn-ddp-k4fmd/main] 2025-06-05T14:47:05.088340427-05:00   exitcode  : 2 (pid: 73)
[pod/msalehjahromi-torchrun-ftn-ddp-k4fmd/main] 2025-06-05T14:47:05.088343353-05:00   error_file: <N/A>
[pod/msalehjahromi-torchrun-ftn-ddp-k4fmd/main] 2025-06-05T14:47:05.088347130-05:00   traceback : To enable traceback see: https://pytorch.org/docs/stable/elastic/errors.html
[pod/msalehjahromi-torchrun-ftn-ddp-k4fmd/main] 2025-06-05T14:47:05.088375804-05:00 [2]:
[pod/msalehjahromi-torchrun-ftn-ddp-k4fmd/main] 2025-06-05T14:47:05.088378519-05:00   time      : 2025-06-05_19:47:05
[pod/msalehjahromi-torchrun-ftn-ddp-k4fmd/main] 2025-06-05T14:47:05.088381314-05:00   host      : msalehjahromi-torchrun-ftn-ddp-k4fmd
[pod/msalehjahromi-torchrun-ftn-ddp-k4fmd/main] 2025-06-05T14:47:05.088384010-05:00   rank      : 2 (local_rank: 2)
[pod/msalehjahromi-torchrun-ftn-ddp-k4fmd/main] 2025-06-05T14:47:05.088386284-05:00   exitcode  : 2 (pid: 74)
[pod/msalehjahromi-torchrun-ftn-ddp-k4fmd/main] 2025-06-05T14:47:05.088388959-05:00   error_file: <N/A>
[pod/msalehjahromi-torchrun-ftn-ddp-k4fmd/main] 2025-06-05T14:47:05.088391374-05:00   traceback : To enable traceback see: https://pytorch.org/docs/stable/elastic/errors.html
[pod/msalehjahromi-torchrun-ftn-ddp-k4fmd/main] 2025-06-05T14:47:05.088393428-05:00 [3]:
[pod/msalehjahromi-torchrun-ftn-ddp-k4fmd/main] 2025-06-05T14:47:05.088396103-05:00   time      : 2025-06-05_19:47:05
[pod/msalehjahromi-torchrun-ftn-ddp-k4fmd/main] 2025-06-05T14:47:05.088398948-05:00   host      : msalehjahromi-torchrun-ftn-ddp-k4fmd
[pod/msalehjahromi-torchrun-ftn-ddp-k4fmd/main] 2025-06-05T14:47:05.088401332-05:00   rank      : 3 (local_rank: 3)
[pod/msalehjahromi-torchrun-ftn-ddp-k4fmd/main] 2025-06-05T14:47:05.088403367-05:00   exitcode  : 2 (pid: 75)
[pod/msalehjahromi-torchrun-ftn-ddp-k4fmd/main] 2025-06-05T14:47:05.088405561-05:00   error_file: <N/A>
[pod/msalehjahromi-torchrun-ftn-ddp-k4fmd/main] 2025-06-05T14:47:05.088407785-05:00   traceback : To enable traceback see: https://pytorch.org/docs/stable/elastic/errors.html
[pod/msalehjahromi-torchrun-ftn-ddp-k4fmd/main] 2025-06-05T14:47:05.088409979-05:00 ------------------------------------------------------------
[pod/msalehjahromi-torchrun-ftn-ddp-k4fmd/main] 2025-06-05T14:47:05.088412193-05:00 Root Cause (first observed failure):
[pod/msalehjahromi-torchrun-ftn-ddp-k4fmd/main] 2025-06-05T14:47:05.088415249-05:00 [0]:
[pod/msalehjahromi-torchrun-ftn-ddp-k4fmd/main] 2025-06-05T14:47:05.088417503-05:00   time      : 2025-06-05_19:47:05
[pod/msalehjahromi-torchrun-ftn-ddp-k4fmd/main] 2025-06-05T14:47:05.088419908-05:00   host      : msalehjahromi-torchrun-ftn-ddp-k4fmd
[pod/msalehjahromi-torchrun-ftn-ddp-k4fmd/main] 2025-06-05T14:47:05.088422262-05:00   rank      : 0 (local_rank: 0)
[pod/msalehjahromi-torchrun-ftn-ddp-k4fmd/main] 2025-06-05T14:47:05.088424988-05:00   exitcode  : 2 (pid: 72)
[pod/msalehjahromi-torchrun-ftn-ddp-k4fmd/main] 2025-06-05T14:47:05.088427673-05:00   error_file: <N/A>
[pod/msalehjahromi-torchrun-ftn-ddp-k4fmd/main] 2025-06-05T14:47:05.088429897-05:00   traceback : To enable traceback see: https://pytorch.org/docs/stable/elastic/errors.html
[pod/msalehjahromi-torchrun-ftn-ddp-k4fmd/main] 2025-06-05T14:47:05.088432311-05:00 ============================================================
