Name:                 msalehjahromi-torchrun-ftn-ddp-sbjjz
Namespace:            yn-gpu-workload
Priority:             1000
Priority Class Name:  high-nonpreempting
Service Account:      default
Node:                 hpcgpu05/10.113.120.204
Start Time:           Thu, 05 Jun 2025 15:13:59 -0500
Labels:               batch.kubernetes.io/controller-uid=3af5d16a-d700-4156-be54-c31f76a4e7f3
                      batch.kubernetes.io/job-name=msalehjahromi-torchrun-ftn-ddp
                      controller-uid=3af5d16a-d700-4156-be54-c31f76a4e7f3
                      job-name=msalehjahromi-torchrun-ftn-ddp
                      k8s-user=msalehjahromi
                      runai/queue=msalehjahromi-yn-gpu-workload-queue
Annotations:          cni.projectcalico.org/containerID: 4c2ededc58684a04392014c294ddfae4b08d193d8db4c1b9a41724b4bb7d023c
                      cni.projectcalico.org/podIP: 10.0.55.125/32
                      cni.projectcalico.org/podIPs: 10.0.55.125/32
                      pod-group-name: pg-msalehjahromi-torchrun-ftn-ddp-sbjjz-3af5d16a-d700-4156-be54-c31f76a4e7f3
                      received-resource-type: Regular
                      runai-job-id: 3af5d16a-d700-4156-be54-c31f76a4e7f3
Status:               Pending
IP:                   
IPs:                  <none>
Controlled By:        Job/msalehjahromi-torchrun-ftn-ddp
Containers:
  main:
    Container ID:  
    Image:         hpcharbor.mdanderson.edu/nnunetv2/nnunetv2@sha256:4ab016ba4b356842be74fbf58159480598bfc015c8454339022aa0fcbfdc196d
    Image ID:      
    Port:          <none>
    Host Port:     <none>
    Command:
      torchrun
    Args:
      --nproc_per_node=8
      --nnodes=1
      --node_rank=0
      --master_addr=$(MASTER_ADDR)
      --master_port=$(MASTER_PORT)
      /rsrch1/ip/msalehjahromi/codes/FineTune/multiGPU/n_GPU_A100_v2/2_run_fineTune_ddp_launcher.py
    State:          Waiting
      Reason:       ContainerCreating
    Ready:          False
    Restart Count:  0
    Limits:
      cpu:             192
      nvidia.com/gpu:  8
    Requests:
      cpu:             192
      nvidia.com/gpu:  8
    Environment:
      HOME:                /rsrch1/ip/msalehjahromi
      MASTER_ADDR:          (v1:status.podIP)
      MASTER_PORT:         29500
      NCCL_DEBUG:          INFO
      NCCL_SOCKET_IFNAME:  eth0
      NCCL_IB_DISABLE:     1
    Mounts:
      /dev/shm from shm (rw)
      /rsrch1/ip/msalehjahromi/ from home (rw)
      /rsrch7/home/ip_rsrch/wulab from ifp (rw)
      /var/run/secrets/kubernetes.io/serviceaccount from kube-api-access-mskkl (ro)
Conditions:
  Type              Status
  PodBound          True 
  Initialized       True 
  Ready             False 
  ContainersReady   False 
  PodScheduled      True 
Volumes:
  shm:
    Type:       EmptyDir (a temporary directory that shares a pod's lifetime)
    Medium:     Memory
    SizeLimit:  128Gi
  ifp:
    Type:       PersistentVolumeClaim (a reference to a PersistentVolumeClaim in the same namespace)
    ClaimName:  msalehjahromi-gpu-rsrch7-home-ip-rsrch
    ReadOnly:   false
  home:
    Type:       PersistentVolumeClaim (a reference to a PersistentVolumeClaim in the same namespace)
    ClaimName:  msalehjahromi-gpu-home
    ReadOnly:   false
  kube-api-access-mskkl:
    Type:                    Projected (a volume that contains injected data from multiple sources)
    TokenExpirationSeconds:  3607
    ConfigMapName:           kube-root-ca.crt
    ConfigMapOptional:       <nil>
    DownwardAPI:             true
QoS Class:                   Burstable
Node-Selectors:              nvidia.com/cuda.runtime.major=12
                             nvidia.com/gpu.machine=DGXA100-920-23687-2530-000
Tolerations:                 multi-gpu=true:NoSchedule
                             node.kubernetes.io/not-ready:NoExecute op=Exists for 300s
                             node.kubernetes.io/unreachable:NoExecute op=Exists for 300s
Events:                      <none>
