Name:                 msalehjahromi-torchrun-ftn-25g2p
Namespace:            yn-gpu-workload
Priority:             1000
Priority Class Name:  high-nonpreempting
Service Account:      default
Node:                 hpcgpu12/10.113.120.211
Start Time:           Fri, 09 May 2025 20:42:05 -0500
Labels:               batch.kubernetes.io/controller-uid=fc2ceb84-c4d2-4f55-9354-a279d4c6153c
                      batch.kubernetes.io/job-name=msalehjahromi-torchrun-ftn
                      controller-uid=fc2ceb84-c4d2-4f55-9354-a279d4c6153c
                      job-name=msalehjahromi-torchrun-ftn
                      k8s-user=msalehjahromi
                      runai/queue=msalehjahromi-yn-gpu-workload-queue
Annotations:          cni.projectcalico.org/containerID: 25c71e26fd118f0568afd27553128af65a778a7f3ed024b02cbb7f290e611546
                      cni.projectcalico.org/podIP: 10.0.117.190/32
                      cni.projectcalico.org/podIPs: 10.0.117.190/32
                      pod-group-name: pg-msalehjahromi-torchrun-ftn-25g2p-fc2ceb84-c4d2-4f55-9354-a279d4c6153c
                      received-resource-type: Regular
                      runai-job-id: fc2ceb84-c4d2-4f55-9354-a279d4c6153c
Status:               Running
IP:                   10.0.117.190
IPs:
  IP:           10.0.117.190
Controlled By:  Job/msalehjahromi-torchrun-ftn
Containers:
  main:
    Container ID:  containerd://436abb8c261a3d146921e0b63d772e1f5ccd308251d3b74d28135dca033790eb
    Image:         hpcharbor.mdanderson.edu/nnunetv2/nnunetv2@sha256:4ab016ba4b356842be74fbf58159480598bfc015c8454339022aa0fcbfdc196d
    Image ID:      hpcharbor.mdanderson.edu/nnunetv2/nnunetv2@sha256:4ab016ba4b356842be74fbf58159480598bfc015c8454339022aa0fcbfdc196d
    Port:          <none>
    Host Port:     <none>
    Command:
      torchrun
    Args:
      --nproc_per_node=8
      --nnodes=1
      --node_rank=0
      --master_addr=$(MASTER_ADDR)
      --master_port=$(MASTER_PORT)
      /rsrch1/ip/msalehjahromi/codes/FineTune/multiGPU/n_GPU_A100/2_run_fineTune_ddp_launcher.py
    State:          Running
      Started:      Fri, 09 May 2025 20:42:07 -0500
    Ready:          True
    Restart Count:  0
    Limits:
      cpu:             192
      nvidia.com/gpu:  8
    Requests:
      cpu:             192
      nvidia.com/gpu:  8
    Environment:
      HOME:                /rsrch1/ip/msalehjahromi
      MASTER_ADDR:          (v1:status.podIP)
      MASTER_PORT:         29500
      NCCL_DEBUG:          INFO
      NCCL_SOCKET_IFNAME:  eth0
      NCCL_IB_DISABLE:     1
    Mounts:
      /dev/shm from shm (rw)
      /rsrch1/ip/msalehjahromi/ from home (rw)
      /rsrch7/home/ip_rsrch/wulab from ifp (rw)
      /var/run/secrets/kubernetes.io/serviceaccount from kube-api-access-l2vzp (ro)
Conditions:
  Type              Status
  PodBound          True 
  Initialized       True 
  Ready             True 
  ContainersReady   True 
  PodScheduled      True 
Volumes:
  shm:
    Type:       EmptyDir (a temporary directory that shares a pod's lifetime)
    Medium:     Memory
    SizeLimit:  21474836480
  ifp:
    Type:       PersistentVolumeClaim (a reference to a PersistentVolumeClaim in the same namespace)
    ClaimName:  msalehjahromi-gpu-rsrch7-home-ip-rsrch
    ReadOnly:   false
  home:
    Type:       PersistentVolumeClaim (a reference to a PersistentVolumeClaim in the same namespace)
    ClaimName:  msalehjahromi-gpu-home
    ReadOnly:   false
  kube-api-access-l2vzp:
    Type:                    Projected (a volume that contains injected data from multiple sources)
    TokenExpirationSeconds:  3607
    ConfigMapName:           kube-root-ca.crt
    ConfigMapOptional:       <nil>
    DownwardAPI:             true
QoS Class:                   Burstable
Node-Selectors:              nvidia.com/cuda.runtime.major=12
                             nvidia.com/gpu.machine=DGXA100-920-23687-2530-000
Tolerations:                 node.kubernetes.io/not-ready:NoExecute op=Exists for 300s
                             node.kubernetes.io/unreachable:NoExecute op=Exists for 300s
Events:                      <none>
