Name:                 msalehjahromi-torchrun-ftn-n62br
Namespace:            yn-gpu-workload
Priority:             1000
Priority Class Name:  high-nonpreempting
Service Account:      default
Node:                 hpcgpu01/10.113.120.200
Start Time:           Sat, 10 May 2025 13:19:49 -0500
Labels:               batch.kubernetes.io/controller-uid=0990c677-e482-4794-bf3b-4dab92ebc6a0
                      batch.kubernetes.io/job-name=msalehjahromi-torchrun-ftn
                      controller-uid=0990c677-e482-4794-bf3b-4dab92ebc6a0
                      job-name=msalehjahromi-torchrun-ftn
                      k8s-user=msalehjahromi
                      runai/queue=msalehjahromi-yn-gpu-workload-queue
Annotations:          cni.projectcalico.org/containerID: 7975e48b44415e00a29cf6f4d642db6cb12b8c5463152be70e0f5c66f61806ed
                      cni.projectcalico.org/podIP: 10.0.111.5/32
                      cni.projectcalico.org/podIPs: 10.0.111.5/32
                      pod-group-name: pg-msalehjahromi-torchrun-ftn-n62br-0990c677-e482-4794-bf3b-4dab92ebc6a0
                      received-resource-type: Regular
                      runai-job-id: 0990c677-e482-4794-bf3b-4dab92ebc6a0
Status:               Running
IP:                   10.0.111.5
IPs:
  IP:           10.0.111.5
Controlled By:  Job/msalehjahromi-torchrun-ftn
Containers:
  main:
    Container ID:  containerd://e9133cbeea5f40fca8e22a4eb1bde76283f7a37b0dd4b709f3e9429e60170f7f
    Image:         hpcharbor.mdanderson.edu/nnunetv2/nnunetv2@sha256:4ab016ba4b356842be74fbf58159480598bfc015c8454339022aa0fcbfdc196d
    Image ID:      hpcharbor.mdanderson.edu/nnunetv2/nnunetv2@sha256:4ab016ba4b356842be74fbf58159480598bfc015c8454339022aa0fcbfdc196d
    Port:          <none>
    Host Port:     <none>
    Command:
      torchrun
    Args:
      --nproc_per_node=8
      --nnodes=1
      --node_rank=0
      --master_addr=$(MASTER_ADDR)
      --master_port=$(MASTER_PORT)
      /rsrch1/ip/msalehjahromi/codes/FineTune/multiGPU/n_GPU_A100/2_run_fineTune_ddp_launcher.py
    State:          Running
      Started:      Sat, 10 May 2025 13:19:54 -0500
    Ready:          True
    Restart Count:  0
    Limits:
      cpu:             192
      nvidia.com/gpu:  8
    Requests:
      cpu:             192
      nvidia.com/gpu:  8
    Environment:
      HOME:                /rsrch1/ip/msalehjahromi
      MASTER_ADDR:          (v1:status.podIP)
      MASTER_PORT:         29500
      NCCL_DEBUG:          INFO
      NCCL_SOCKET_IFNAME:  eth0
      NCCL_IB_DISABLE:     1
    Mounts:
      /dev/shm from shm (rw)
      /rsrch1/ip/msalehjahromi/ from home (rw)
      /rsrch7/home/ip_rsrch/wulab from ifp (rw)
      /var/run/secrets/kubernetes.io/serviceaccount from kube-api-access-vh2dx (ro)
Conditions:
  Type              Status
  PodBound          True 
  Initialized       True 
  Ready             True 
  ContainersReady   True 
  PodScheduled      True 
Volumes:
  shm:
    Type:       EmptyDir (a temporary directory that shares a pod's lifetime)
    Medium:     Memory
    SizeLimit:  21474836480
  ifp:
    Type:       PersistentVolumeClaim (a reference to a PersistentVolumeClaim in the same namespace)
    ClaimName:  msalehjahromi-gpu-rsrch7-home-ip-rsrch
    ReadOnly:   false
  home:
    Type:       PersistentVolumeClaim (a reference to a PersistentVolumeClaim in the same namespace)
    ClaimName:  msalehjahromi-gpu-home
    ReadOnly:   false
  kube-api-access-vh2dx:
    Type:                    Projected (a volume that contains injected data from multiple sources)
    TokenExpirationSeconds:  3607
    ConfigMapName:           kube-root-ca.crt
    ConfigMapOptional:       <nil>
    DownwardAPI:             true
QoS Class:                   Burstable
Node-Selectors:              nvidia.com/cuda.runtime.major=12
                             nvidia.com/gpu.machine=DGXA100-920-23687-2530-000
Tolerations:                 node.kubernetes.io/not-ready:NoExecute op=Exists for 300s
                             node.kubernetes.io/unreachable:NoExecute op=Exists for 300s
Events:                      <none>
