Name:                 msalehjahromi-torchrun-ftn-gwlgf
Namespace:            yn-gpu-workload
Priority:             1000
Priority Class Name:  high-nonpreempting
Service Account:      default
Node:                 hpcgpu12/10.113.120.211
Start Time:           Mon, 12 May 2025 21:55:32 -0500
Labels:               batch.kubernetes.io/controller-uid=5effc33a-3a36-416e-8685-440addf1116c
                      batch.kubernetes.io/job-name=msalehjahromi-torchrun-ftn
                      controller-uid=5effc33a-3a36-416e-8685-440addf1116c
                      job-name=msalehjahromi-torchrun-ftn
                      k8s-user=msalehjahromi
                      runai/queue=msalehjahromi-yn-gpu-workload-queue
Annotations:          cni.projectcalico.org/containerID: f6fb5ba719333bf292bf195ce05b34478f4aec08a74123188d26223ce3359738
                      cni.projectcalico.org/podIP: 10.0.117.191/32
                      cni.projectcalico.org/podIPs: 10.0.117.191/32
                      pod-group-name: pg-msalehjahromi-torchrun-ftn-gwlgf-5effc33a-3a36-416e-8685-440addf1116c
                      received-resource-type: Regular
                      runai-job-id: 5effc33a-3a36-416e-8685-440addf1116c
Status:               Running
IP:                   10.0.117.191
IPs:
  IP:           10.0.117.191
Controlled By:  Job/msalehjahromi-torchrun-ftn
Containers:
  main:
    Container ID:  containerd://1b4cc9f3ff9dc753e18403d95e05aab7496480a7e5fb99ed281006fbdec690bc
    Image:         hpcharbor.mdanderson.edu/nnunetv2/nnunetv2@sha256:4ab016ba4b356842be74fbf58159480598bfc015c8454339022aa0fcbfdc196d
    Image ID:      hpcharbor.mdanderson.edu/nnunetv2/nnunetv2@sha256:4ab016ba4b356842be74fbf58159480598bfc015c8454339022aa0fcbfdc196d
    Port:          <none>
    Host Port:     <none>
    Command:
      torchrun
    Args:
      --nproc_per_node=8
      --nnodes=1
      --node_rank=0
      --master_addr=$(MASTER_ADDR)
      --master_port=$(MASTER_PORT)
      /rsrch1/ip/msalehjahromi/codes/FineTune/multiGPU/n_GPU_A100/2_run_fineTune_fsdp_launcher.py
    State:          Running
      Started:      Mon, 12 May 2025 21:55:34 -0500
    Ready:          True
    Restart Count:  0
    Limits:
      cpu:             192
      nvidia.com/gpu:  8
    Requests:
      cpu:             192
      nvidia.com/gpu:  8
    Environment:
      HOME:                /rsrch1/ip/msalehjahromi
      MASTER_ADDR:          (v1:status.podIP)
      MASTER_PORT:         29500
      NCCL_DEBUG:          INFO
      NCCL_SOCKET_IFNAME:  eth0
      NCCL_IB_DISABLE:     1
    Mounts:
      /dev/shm from shm (rw)
      /rsrch1/ip/msalehjahromi/ from home (rw)
      /rsrch7/home/ip_rsrch/wulab from ifp (rw)
      /var/run/secrets/kubernetes.io/serviceaccount from kube-api-access-gpvx5 (ro)
Conditions:
  Type              Status
  PodBound          True 
  Initialized       True 
  Ready             True 
  ContainersReady   True 
  PodScheduled      True 
Volumes:
  shm:
    Type:       EmptyDir (a temporary directory that shares a pod's lifetime)
    Medium:     Memory
    SizeLimit:  64Gi
  ifp:
    Type:       PersistentVolumeClaim (a reference to a PersistentVolumeClaim in the same namespace)
    ClaimName:  msalehjahromi-gpu-rsrch7-home-ip-rsrch
    ReadOnly:   false
  home:
    Type:       PersistentVolumeClaim (a reference to a PersistentVolumeClaim in the same namespace)
    ClaimName:  msalehjahromi-gpu-home
    ReadOnly:   false
  kube-api-access-gpvx5:
    Type:                    Projected (a volume that contains injected data from multiple sources)
    TokenExpirationSeconds:  3607
    ConfigMapName:           kube-root-ca.crt
    ConfigMapOptional:       <nil>
    DownwardAPI:             true
QoS Class:                   Burstable
Node-Selectors:              nvidia.com/cuda.runtime.major=12
                             nvidia.com/gpu.machine=DGXA100-920-23687-2530-000
Tolerations:                 node.kubernetes.io/not-ready:NoExecute op=Exists for 300s
                             node.kubernetes.io/unreachable:NoExecute op=Exists for 300s
Events:                      <none>
