Name:                 msalehjahromi-torchrun-ftn-ddp128shm-vzfkl
Namespace:            yn-gpu-workload
Priority:             1000
Priority Class Name:  high-nonpreempting
Service Account:      default
Node:                 <none>
Labels:               batch.kubernetes.io/controller-uid=d986e3e1-0084-4155-8f6b-1ba80dede067
                      batch.kubernetes.io/job-name=msalehjahromi-torchrun-ftn-ddp128shm
                      controller-uid=d986e3e1-0084-4155-8f6b-1ba80dede067
                      job-name=msalehjahromi-torchrun-ftn-ddp128shm
                      k8s-user=msalehjahromi
                      runai/queue=msalehjahromi-yn-gpu-workload-queue
Annotations:          pod-group-name: pg-msalehjahromi-torchrun-ftn-ddp128shm-vzfkl-d986e3e1-0084-4155-8f6b-1ba80dede067
                      runai-job-id: d986e3e1-0084-4155-8f6b-1ba80dede067
Status:               Pending
IP:                   
IPs:                  <none>
Controlled By:        Job/msalehjahromi-torchrun-ftn-ddp128shm
Containers:
  main:
    Image:      hpcharbor.mdanderson.edu/nnunetv2/nnunetv2@sha256:4ab016ba4b356842be74fbf58159480598bfc015c8454339022aa0fcbfdc196d
    Port:       <none>
    Host Port:  <none>
    Command:
      torchrun
    Args:
      --nproc_per_node=8
      --nnodes=1
      --node_rank=0
      --master_addr=$(MASTER_ADDR)
      --master_port=$(MASTER_PORT)
      /rsrch1/ip/msalehjahromi/codes/FineTune/multiGPU/n_GPU_A100/2_run_fineTune_ddp_launcher.py
    Limits:
      cpu:             192
      nvidia.com/gpu:  8
    Requests:
      cpu:             192
      nvidia.com/gpu:  8
    Environment:
      HOME:                /rsrch1/ip/msalehjahromi
      MASTER_ADDR:          (v1:status.podIP)
      MASTER_PORT:         29500
      NCCL_DEBUG:          INFO
      NCCL_SOCKET_IFNAME:  eth0
      NCCL_IB_DISABLE:     1
    Mounts:
      /dev/shm from shm (rw)
      /rsrch1/ip/msalehjahromi/ from home (rw)
      /rsrch7/home/ip_rsrch/wulab from ifp (rw)
      /var/run/secrets/kubernetes.io/serviceaccount from kube-api-access-c994l (ro)
Conditions:
  Type           Status
  PodScheduled   False 
Volumes:
  shm:
    Type:       EmptyDir (a temporary directory that shares a pod's lifetime)
    Medium:     Memory
    SizeLimit:  128Gi
  ifp:
    Type:       PersistentVolumeClaim (a reference to a PersistentVolumeClaim in the same namespace)
    ClaimName:  msalehjahromi-gpu-rsrch7-home-ip-rsrch
    ReadOnly:   false
  home:
    Type:       PersistentVolumeClaim (a reference to a PersistentVolumeClaim in the same namespace)
    ClaimName:  msalehjahromi-gpu-home
    ReadOnly:   false
  kube-api-access-c994l:
    Type:                    Projected (a volume that contains injected data from multiple sources)
    TokenExpirationSeconds:  3607
    ConfigMapName:           kube-root-ca.crt
    ConfigMapOptional:       <nil>
    DownwardAPI:             true
QoS Class:                   Burstable
Node-Selectors:              nvidia.com/cuda.runtime.major=12
                             nvidia.com/gpu.machine=DGXA100-920-23687-2530-000
Tolerations:                 node.kubernetes.io/not-ready:NoExecute op=Exists for 300s
                             node.kubernetes.io/unreachable:NoExecute op=Exists for 300s
Events:                      <none>
