Name:                 msalehjahromi-torchrun-ftn-4988r
Namespace:            yn-gpu-workload
Priority:             1000
Priority Class Name:  high-nonpreempting
Service Account:      default
Node:                 hpcgpu12/10.113.120.211
Start Time:           Mon, 12 May 2025 21:40:29 -0500
Labels:               batch.kubernetes.io/controller-uid=eeb8a746-74a3-4af9-adbc-d24424785be8
                      batch.kubernetes.io/job-name=msalehjahromi-torchrun-ftn
                      controller-uid=eeb8a746-74a3-4af9-adbc-d24424785be8
                      job-name=msalehjahromi-torchrun-ftn
                      k8s-user=msalehjahromi
                      runai/queue=msalehjahromi-yn-gpu-workload-queue
Annotations:          cni.projectcalico.org/containerID: 0d823e14e747d546405bae46738008082fda47caa71569fba03392e2cf2ad95e
                      cni.projectcalico.org/podIP: 
                      cni.projectcalico.org/podIPs: 
                      pod-group-name: pg-msalehjahromi-torchrun-ftn-4988r-eeb8a746-74a3-4af9-adbc-d24424785be8
                      received-resource-type: Regular
                      runai-job-id: eeb8a746-74a3-4af9-adbc-d24424785be8
Status:               Failed
IP:                   10.0.117.172
IPs:
  IP:           10.0.117.172
Controlled By:  Job/msalehjahromi-torchrun-ftn
Containers:
  main:
    Container ID:  containerd://0060b0691b7e74d4625825d1b72b089fc786c55b9c9d01c803d7b3f2e11aa0c6
    Image:         hpcharbor.mdanderson.edu/nnunetv2/nnunetv2@sha256:4ab016ba4b356842be74fbf58159480598bfc015c8454339022aa0fcbfdc196d
    Image ID:      hpcharbor.mdanderson.edu/nnunetv2/nnunetv2@sha256:4ab016ba4b356842be74fbf58159480598bfc015c8454339022aa0fcbfdc196d
    Port:          <none>
    Host Port:     <none>
    Command:
      torchrun
    Args:
      --nproc_per_node=8
      --nnodes=1
      --node_rank=0
      --master_addr=$(MASTER_ADDR)
      --master_port=$(MASTER_PORT)
      /rsrch1/ip/msalehjahromi/codes/FineTune/multiGPU/n_GPU_A100/2_run_fineTune_fsdp_launcher.py
    State:          Terminated
      Reason:       Error
      Exit Code:    1
      Started:      Mon, 12 May 2025 21:40:31 -0500
      Finished:     Mon, 12 May 2025 21:43:36 -0500
    Ready:          False
    Restart Count:  0
    Limits:
      cpu:             192
      nvidia.com/gpu:  8
    Requests:
      cpu:             192
      nvidia.com/gpu:  8
    Environment:
      HOME:                /rsrch1/ip/msalehjahromi
      MASTER_ADDR:          (v1:status.podIP)
      MASTER_PORT:         29500
      NCCL_DEBUG:          INFO
      NCCL_SOCKET_IFNAME:  eth0
      NCCL_IB_DISABLE:     1
    Mounts:
      /dev/shm from shm (rw)
      /rsrch1/ip/msalehjahromi/ from home (rw)
      /rsrch7/home/ip_rsrch/wulab from ifp (rw)
      /var/run/secrets/kubernetes.io/serviceaccount from kube-api-access-hwdfc (ro)
Conditions:
  Type              Status
  PodBound          True 
  Initialized       True 
  Ready             False 
  ContainersReady   False 
  PodScheduled      True 
Volumes:
  shm:
    Type:       EmptyDir (a temporary directory that shares a pod's lifetime)
    Medium:     Memory
    SizeLimit:  64Gi
  ifp:
    Type:       PersistentVolumeClaim (a reference to a PersistentVolumeClaim in the same namespace)
    ClaimName:  msalehjahromi-gpu-rsrch7-home-ip-rsrch
    ReadOnly:   false
  home:
    Type:       PersistentVolumeClaim (a reference to a PersistentVolumeClaim in the same namespace)
    ClaimName:  msalehjahromi-gpu-home
    ReadOnly:   false
  kube-api-access-hwdfc:
    Type:                    Projected (a volume that contains injected data from multiple sources)
    TokenExpirationSeconds:  3607
    ConfigMapName:           kube-root-ca.crt
    ConfigMapOptional:       <nil>
    DownwardAPI:             true
QoS Class:                   Burstable
Node-Selectors:              nvidia.com/cuda.runtime.major=12
                             nvidia.com/gpu.machine=DGXA100-920-23687-2530-000
Tolerations:                 node.kubernetes.io/not-ready:NoExecute op=Exists for 300s
                             node.kubernetes.io/unreachable:NoExecute op=Exists for 300s
Events:                      <none>
