2025-05-16 18:00:32,738 - INFO - Starting training on 4 GPUs with full model copies (DDP)
2025-05-16 18:00:36,079 - INFO - using MLP layer as FFN
2025-05-16 18:00:37,857 - INFO - DinoVisionTransformer parameters: 176 (LR: 4e-05)
2025-05-16 18:00:37,857 - INFO - Aggregator parameters: 26 (LR: 0.0004)
2025-05-16 18:00:37,857 - INFO - Setting unfreeze_strategy to 'all' to avoid DDP synchronization issues
2025-05-16 18:00:37,861 - INFO - using MLP layer as FFN
2025-05-16 20:24:39,109 - INFO - iteration: 5000 | epoch: 0 | loss: 0.0168 | lr: 0.0004 | type: training | acc_task0: 0.9840 | acc_task1: 0.4070 | acc_task2: 0.9394 | acc_task3: 0.4089 | acc_task4: 0.9367 | acc_task5: 0.2879
2025-05-16 22:53:51,357 - INFO - iteration: 10000 | epoch: 1 | loss: 0.0257 | lr: 0.0004 | type: training | acc_task0: 0.9840 | acc_task1: 0.9728 | acc_task2: 0.9664 | acc_task3: 0.9599 | acc_task4: 0.9372 | acc_task5: 0.8807
2025-05-17 01:10:56,274 - INFO - iteration: 15000 | epoch: 1 | loss: 0.0555 | lr: 0.0004 | type: training | acc_task0: 0.9852 | acc_task1: 0.9747 | acc_task2: 0.9642 | acc_task3: 0.9557 | acc_task4: 0.9324 | acc_task5: 0.8736
2025-05-17 03:45:13,088 - INFO - iteration: 20000 | epoch: 2 | loss: 0.0233 | lr: 0.0004 | type: training | acc_task0: 0.9862 | acc_task1: 0.9726 | acc_task2: 0.9623 | acc_task3: 0.9551 | acc_task4: 0.9314 | acc_task5: 0.8684
2025-05-17 05:49:48,855 - INFO - iteration: 25000 | epoch: 3 | loss: 0.0510 | lr: 0.0004 | type: training | acc_task0: 0.9868 | acc_task1: 0.9738 | acc_task2: 0.9629 | acc_task3: 0.9562 | acc_task4: 0.9349 | acc_task5: 0.8759
2025-05-17 08:31:53,889 - INFO - samples_evaluated: 5156 | avg_loss: 0.1475 | auc_task0: 0.5047 | acc_task0: 0.9849 | auc_task1: 0.5704 | acc_task1: 0.9735 | auc_task2: 0.5494 | acc_task2: 0.9630 | auc_task3: 0.5722 | acc_task3: 0.9544 | auc_task4: 0.5695 | acc_task4: 0.9301 | auc_task5: 0.6018 | acc_task5: 0.8697 | iteration: 30000 | epoch: 3 | lr: 0.0000 | validation_time_seconds: 2288.3003 | type: validation
2025-05-17 08:32:01,241 - INFO - iteration: 30000 | epoch: 3 | loss: 0.0524 | lr: 0.0004 | type: training | acc_task0: 0.9852 | acc_task1: 0.9756 | acc_task2: 0.9670 | acc_task3: 0.9597 | acc_task4: 0.9373 | acc_task5: 0.8843
2025-05-17 12:53:08,664 - INFO - iteration: 35000 | epoch: 4 | loss: 0.0300 | lr: 0.0004 | type: training | acc_task0: 0.9842 | acc_task1: 0.9759 | acc_task2: 0.9638 | acc_task3: 0.9545 | acc_task4: 0.9304 | acc_task5: 0.8692
2025-05-17 15:27:20,673 - INFO - iteration: 40000 | epoch: 5 | loss: 0.0433 | lr: 0.0004 | type: training | acc_task0: 0.9862 | acc_task1: 0.9751 | acc_task2: 0.9619 | acc_task3: 0.9533 | acc_task4: 0.9323 | acc_task5: 0.8748
2025-05-17 18:05:32,299 - INFO - iteration: 45000 | epoch: 5 | loss: 0.0577 | lr: 0.0004 | type: training | acc_task0: 0.9851 | acc_task1: 0.9751 | acc_task2: 0.9643 | acc_task3: 0.9555 | acc_task4: 0.9338 | acc_task5: 0.8800
2025-05-17 20:43:09,799 - INFO - iteration: 50000 | epoch: 6 | loss: 0.0169 | lr: 0.0004 | type: training | acc_task0: 0.9859 | acc_task1: 0.9754 | acc_task2: 0.9639 | acc_task3: 0.9533 | acc_task4: 0.9290 | acc_task5: 0.8627
2025-05-17 23:21:02,338 - INFO - iteration: 55000 | epoch: 7 | loss: 0.0326 | lr: 0.0004 | type: training | acc_task0: 0.9931 | acc_task1: 0.9815 | acc_task2: 0.9753 | acc_task3: 0.9624 | acc_task4: 0.9400 | acc_task5: 0.8966
2025-05-18 02:40:21,130 - INFO - samples_evaluated: 5156 | avg_loss: 0.1471 | auc_task0: 0.5660 | acc_task0: 0.9849 | auc_task1: 0.5836 | acc_task1: 0.9735 | auc_task2: 0.6109 | acc_task2: 0.9630 | auc_task3: 0.6124 | acc_task3: 0.9544 | auc_task4: 0.5813 | acc_task4: 0.9301 | auc_task5: 0.6018 | acc_task5: 0.8697 | iteration: 60000 | epoch: 7 | lr: 0.0000 | validation_time_seconds: 2218.6279 | type: validation
2025-05-18 02:40:28,744 - INFO - iteration: 60000 | epoch: 7 | loss: 0.0173 | lr: 0.0004 | type: training | acc_task0: 0.9848 | acc_task1: 0.9712 | acc_task2: 0.9608 | acc_task3: 0.9523 | acc_task4: 0.9263 | acc_task5: 0.8659
2025-05-18 05:25:07,673 - INFO - iteration: 65000 | epoch: 8 | loss: 0.0221 | lr: 0.0004 | type: training | acc_task0: 0.9842 | acc_task1: 0.9777 | acc_task2: 0.9669 | acc_task3: 0.9561 | acc_task4: 0.9324 | acc_task5: 0.8732
2025-05-18 08:01:58,032 - INFO - iteration: 70000 | epoch: 9 | loss: 0.0439 | lr: 0.0004 | type: training | acc_task0: 0.9907 | acc_task1: 0.9906 | acc_task2: 0.9904 | acc_task3: 0.9902 | acc_task4: 0.9804 | acc_task5: 0.9625
2025-05-18 10:46:17,109 - INFO - iteration: 75000 | epoch: 9 | loss: 0.0395 | lr: 0.0004 | type: training | acc_task0: 0.9843 | acc_task1: 0.9758 | acc_task2: 0.9666 | acc_task3: 0.9576 | acc_task4: 0.9370 | acc_task5: 0.8815
2025-05-18 13:35:34,409 - INFO - iteration: 80000 | epoch: 10 | loss: 0.0359 | lr: 0.0004 | type: training | acc_task0: 0.9894 | acc_task1: 0.9780 | acc_task2: 0.9675 | acc_task3: 0.9576 | acc_task4: 0.9321 | acc_task5: 0.8705
2025-05-18 16:19:15,894 - INFO - iteration: 85000 | epoch: 10 | loss: 0.0232 | lr: 0.0004 | type: training | acc_task0: 0.9846 | acc_task1: 0.9736 | acc_task2: 0.9634 | acc_task3: 0.9543 | acc_task4: 0.9309 | acc_task5: 0.8694
2025-05-18 20:08:09,568 - INFO - samples_evaluated: 5156 | avg_loss: 0.1455 | auc_task0: 0.6144 | acc_task0: 0.9849 | auc_task1: 0.5950 | acc_task1: 0.9735 | auc_task2: 0.6072 | acc_task2: 0.9630 | auc_task3: 0.6141 | acc_task3: 0.9544 | auc_task4: 0.5864 | acc_task4: 0.9301 | auc_task5: 0.6156 | acc_task5: 0.8697 | iteration: 90000 | epoch: 11 | lr: 0.0000 | validation_time_seconds: 2111.3192 | type: validation
2025-05-18 20:08:16,467 - INFO - iteration: 90000 | epoch: 11 | loss: 0.0312 | lr: 0.0004 | type: training | acc_task0: 0.9860 | acc_task1: 0.9766 | acc_task2: 0.9693 | acc_task3: 0.9587 | acc_task4: 0.9381 | acc_task5: 0.8828
2025-05-18 22:53:20,318 - INFO - iteration: 95000 | epoch: 12 | loss: 0.0439 | lr: 0.0004 | type: training | acc_task0: 0.9867 | acc_task1: 0.9770 | acc_task2: 0.9651 | acc_task3: 0.9594 | acc_task4: 0.9318 | acc_task5: 0.8666
2025-05-19 02:26:20,038 - INFO - iteration: 100000 | epoch: 12 | loss: 0.0269 | lr: 0.0004 | type: training | acc_task0: 0.9856 | acc_task1: 0.9748 | acc_task2: 0.9648 | acc_task3: 0.9576 | acc_task4: 0.9353 | acc_task5: 0.8782
2025-05-19 06:25:03,169 - INFO - iteration: 105000 | epoch: 13 | loss: 0.0130 | lr: 0.0004 | type: training | acc_task0: 0.9893 | acc_task1: 0.9791 | acc_task2: 0.9709 | acc_task3: 0.9649 | acc_task4: 0.9428 | acc_task5: 0.8914
2025-05-19 11:21:48,076 - INFO - iteration: 110000 | epoch: 14 | loss: 0.0171 | lr: 0.0004 | type: training | acc_task0: 0.9841 | acc_task1: 0.9718 | acc_task2: 0.9645 | acc_task3: 0.9541 | acc_task4: 0.9359 | acc_task5: 0.8786
2025-05-19 15:38:25,998 - INFO - iteration: 115000 | epoch: 14 | loss: 0.0336 | lr: 0.0004 | type: training | acc_task0: 0.9853 | acc_task1: 0.9740 | acc_task2: 0.9643 | acc_task3: 0.9550 | acc_task4: 0.9332 | acc_task5: 0.8793
2025-05-19 20:15:15,585 - INFO - samples_evaluated: 5156 | avg_loss: 0.1471 | auc_task0: 0.5645 | acc_task0: 0.9849 | auc_task1: 0.5986 | acc_task1: 0.9735 | auc_task2: 0.5974 | acc_task2: 0.9630 | auc_task3: 0.6175 | acc_task3: 0.9544 | auc_task4: 0.5977 | acc_task4: 0.9301 | auc_task5: 0.6161 | acc_task5: 0.8697 | iteration: 120000 | epoch: 15 | lr: 0.0000 | validation_time_seconds: 2602.6742 | type: validation
2025-05-19 20:15:17,324 - INFO - iteration: 120000 | epoch: 15 | loss: 0.0336 | lr: 0.0004 | type: training | acc_task0: 0.9867 | acc_task1: 0.9756 | acc_task2: 0.9679 | acc_task3: 0.9609 | acc_task4: 0.9405 | acc_task5: 0.8856
2025-05-19 23:49:27,221 - INFO - iteration: 125000 | epoch: 16 | loss: 0.0555 | lr: 0.0004 | type: training | acc_task0: 0.9882 | acc_task1: 0.9825 | acc_task2: 0.9711 | acc_task3: 0.9642 | acc_task4: 0.9429 | acc_task5: 0.8868
2025-05-20 03:38:24,358 - INFO - iteration: 130000 | epoch: 16 | loss: 0.0259 | lr: 0.0004 | type: training | acc_task0: 0.9852 | acc_task1: 0.9749 | acc_task2: 0.9658 | acc_task3: 0.9556 | acc_task4: 0.9324 | acc_task5: 0.8685
2025-05-20 08:14:35,937 - INFO - iteration: 135000 | epoch: 17 | loss: 0.0422 | lr: 0.0004 | type: training | acc_task0: 0.9862 | acc_task1: 0.9775 | acc_task2: 0.9695 | acc_task3: 0.9596 | acc_task4: 0.9378 | acc_task5: 0.8798
2025-05-20 15:56:03,589 - INFO - iteration: 140000 | epoch: 18 | loss: 0.0181 | lr: 0.0004 | type: training | acc_task0: 0.9836 | acc_task1: 0.9718 | acc_task2: 0.9643 | acc_task3: 0.9506 | acc_task4: 0.9335 | acc_task5: 0.8636
2025-05-21 08:17:30,071 - INFO - iteration: 145000 | epoch: 18 | loss: 0.0154 | lr: 0.0004 | type: training | acc_task0: 0.9866 | acc_task1: 0.9790 | acc_task2: 0.9693 | acc_task3: 0.9595 | acc_task4: 0.9379 | acc_task5: 0.8791
2025-05-22 13:46:30,297 - INFO - samples_evaluated: 5156 | avg_loss: 0.1471 | auc_task0: 0.5972 | acc_task0: 0.9849 | auc_task1: 0.6159 | acc_task1: 0.9735 | auc_task2: 0.6246 | acc_task2: 0.9630 | auc_task3: 0.6292 | acc_task3: 0.9544 | auc_task4: 0.6122 | acc_task4: 0.9301 | auc_task5: 0.6307 | acc_task5: 0.8697 | iteration: 150000 | epoch: 19 | lr: 0.0000 | validation_time_seconds: 33708.9297 | type: validation
2025-05-22 13:46:36,061 - INFO - iteration: 150000 | epoch: 19 | loss: 0.0741 | lr: 0.0004 | type: training | acc_task0: 0.9839 | acc_task1: 0.9751 | acc_task2: 0.9659 | acc_task3: 0.9535 | acc_task4: 0.9300 | acc_task5: 0.8710
2025-05-23 01:05:51,878 - INFO - iteration: 155000 | epoch: 19 | loss: 0.0293 | lr: 0.0004 | type: training | acc_task0: 0.9836 | acc_task1: 0.9746 | acc_task2: 0.9646 | acc_task3: 0.9547 | acc_task4: 0.9331 | acc_task5: 0.8748
